[2026-06-05 09:35:49 INF] : Starting web application
[2026-06-05 09:35:50 INF] Microsoft.AspNetCore.DataProtection.KeyManagement.XmlKeyManager: User profile is available. Using 'C:\Users\Waylay\AppData\Local\ASP.NET\DataProtection-Keys' as key repository and Windows DPAPI to encrypt keys at rest.
[2026-06-05 09:35:50 INF] Microsoft.Hosting.Lifetime: Now listening on: http://localhost:5008
[2026-06-05 09:35:50 INF] Microsoft.Hosting.Lifetime: Application started. Press Ctrl+C to shut down.
[2026-06-05 09:35:50 INF] Microsoft.Hosting.Lifetime: Hosting environment: Development
[2026-06-05 09:35:50 INF] Microsoft.Hosting.Lifetime: Content root path: C:\Users\Waylay\Downloads\Working\Tuquy\Project\WorkoutTrackerBE\WorkoutAPI
[2026-06-05 09:36:08 INF] Microsoft.AspNetCore.Hosting.Diagnostics: Request starting HTTP/1.1 OPTIONS http://localhost:5008/api/v1/auth/login - null null
[2026-06-05 09:36:08 WRN] Microsoft.AspNetCore.HttpsPolicy.HttpsRedirectionMiddleware: Failed to determine the https port for redirect.
[2026-06-05 09:36:08 INF] Microsoft.AspNetCore.Cors.Infrastructure.CorsService: CORS policy execution successful.
[2026-06-05 09:36:08 INF] Serilog.AspNetCore.RequestLoggingMiddleware: HTTP OPTIONS /api/v1/auth/login responded 204 in 4.1282ms
[2026-06-05 09:36:08 INF] Microsoft.AspNetCore.Hosting.Diagnostics: Request finished HTTP/1.1 OPTIONS http://localhost:5008/api/v1/auth/login - 204 null null 76.2595ms
[2026-06-05 09:36:08 INF] Microsoft.AspNetCore.Hosting.Diagnostics: Request starting HTTP/1.1 POST http://localhost:5008/api/v1/auth/login - application/json 44
[2026-06-05 09:36:08 INF] Microsoft.AspNetCore.Cors.Infrastructure.CorsService: CORS policy execution successful.
[2026-06-05 09:36:08 INF] Microsoft.AspNetCore.Routing.EndpointMiddleware: Executing endpoint 'WorkoutAPI.Controllers.AuthController.Login (WorkoutApi)'
[2026-06-05 09:36:08 INF] Microsoft.AspNetCore.Mvc.Infrastructure.ControllerActionInvoker: Route matched with {action = "Login", controller = "Auth"}. Executing controller action with signature System.Threading.Tasks.Task`1[Microsoft.AspNetCore.Mvc.ActionResult`1[WorkoutAPI.Common.ApiResponse`1[Workout.Application.Common.Dto.LoginResponseDto]]] Login(Workout.Application.Common.Dto.LoginRequestDto) on controller WorkoutAPI.Controllers.AuthController (WorkoutApi).
[2026-06-05 09:36:09 INF] Microsoft.AspNetCore.Mvc.Infrastructure.ObjectResultExecutor: Executing OkObjectResult, writing value of type 'WorkoutAPI.Common.ApiResponse`1[[Workout.Application.Common.Dto.LoginResponseDto, Workout.Application, Version=1.0.0.0, Culture=neutral, PublicKeyToken=null]]'.
[2026-06-05 09:36:09 INF] Microsoft.AspNetCore.Mvc.Infrastructure.ControllerActionInvoker: Executed action WorkoutAPI.Controllers.AuthController.Login (WorkoutApi) in 455.0782ms
[2026-06-05 09:36:09 INF] Microsoft.AspNetCore.Routing.EndpointMiddleware: Executed endpoint 'WorkoutAPI.Controllers.AuthController.Login (WorkoutApi)'
[2026-06-05 09:36:09 INF] Serilog.AspNetCore.RequestLoggingMiddleware: HTTP POST /api/v1/auth/login responded 200 in 527.8054ms
[2026-06-05 09:36:09 INF] Microsoft.AspNetCore.Hosting.Diagnostics: Request finished HTTP/1.1 POST http://localhost:5008/api/v1/auth/login - 200 null application/json; charset=utf-8 543.8916ms
[2026-06-05 09:36:09 INF] Microsoft.AspNetCore.Hosting.Diagnostics: Request starting HTTP/1.1 OPTIONS http://localhost:5008/api/v1/workout-schedules - null null
[2026-06-05 09:36:09 INF] Microsoft.AspNetCore.Hosting.Diagnostics: Request starting HTTP/1.1 OPTIONS http://localhost:5008/api/v1/reports - null null
[2026-06-05 09:36:09 INF] Microsoft.AspNetCore.Hosting.Diagnostics: Request starting HTTP/1.1 OPTIONS http://localhost:5008/api/v1/exercises - null null
[2026-06-05 09:36:09 INF] Microsoft.AspNetCore.Hosting.Diagnostics: Request starting HTTP/1.1 OPTIONS http://localhost:5008/api/v1/workouts - null null
[2026-06-05 09:36:09 INF] Microsoft.AspNetCore.Cors.Infrastructure.CorsService: CORS policy execution successful.
[2026-06-05 09:36:09 INF] Microsoft.AspNetCore.Cors.Infrastructure.CorsService: CORS policy execution successful.
[2026-06-05 09:36:09 INF] Microsoft.AspNetCore.Cors.Infrastructure.CorsService: CORS policy execution successful.
[2026-06-05 09:36:09 INF] Microsoft.AspNetCore.Cors.Infrastructure.CorsService: CORS policy execution successful.
[2026-06-05 09:36:09 INF] Serilog.AspNetCore.RequestLoggingMiddleware: HTTP OPTIONS /api/v1/workout-schedules responded 204 in 7.3636ms
[2026-06-05 09:36:09 INF] Serilog.AspNetCore.RequestLoggingMiddleware: HTTP OPTIONS /api/v1/reports responded 204 in 6.4881ms
[2026-06-05 09:36:09 INF] Serilog.AspNetCore.RequestLoggingMiddleware: HTTP OPTIONS /api/v1/exercises responded 204 in 4.8323ms
[2026-06-05 09:36:09 INF] Serilog.AspNetCore.RequestLoggingMiddleware: HTTP OPTIONS /api/v1/workouts responded 204 in 3.4218ms
[2026-06-05 09:36:09 INF] Microsoft.AspNetCore.Hosting.Diagnostics: Request finished HTTP/1.1 OPTIONS http://localhost:5008/api/v1/workout-schedules - 204 null null 15.966ms
[2026-06-05 09:36:09 INF] Microsoft.AspNetCore.Hosting.Diagnostics: Request finished HTTP/1.1 OPTIONS http://localhost:5008/api/v1/reports - 204 null null 17.1645ms
[2026-06-05 09:36:09 INF] Microsoft.AspNetCore.Hosting.Diagnostics: Request finished HTTP/1.1 OPTIONS http://localhost:5008/api/v1/exercises - 204 null null 18.1721ms
[2026-06-05 09:36:09 INF] Microsoft.AspNetCore.Hosting.Diagnostics: Request finished HTTP/1.1 OPTIONS http://localhost:5008/api/v1/workouts - 204 null null 19.9324ms
[2026-06-05 09:36:09 INF] Microsoft.AspNetCore.Hosting.Diagnostics: Request starting HTTP/1.1 GET http://localhost:5008/api/v1/workout-schedules - null null
[2026-06-05 09:36:09 INF] Microsoft.AspNetCore.Hosting.Diagnostics: Request starting HTTP/1.1 GET http://localhost:5008/api/v1/reports - null null
[2026-06-05 09:36:09 INF] Microsoft.AspNetCore.Hosting.Diagnostics: Request starting HTTP/1.1 GET http://localhost:5008/api/v1/exercises - null null
[2026-06-05 09:36:09 INF] Microsoft.AspNetCore.Hosting.Diagnostics: Request starting HTTP/1.1 GET http://localhost:5008/api/v1/workouts - null null
[2026-06-05 09:36:09 INF] Microsoft.AspNetCore.Cors.Infrastructure.CorsService: CORS policy execution successful.
[2026-06-05 09:36:09 INF] Microsoft.AspNetCore.Cors.Infrastructure.CorsService: CORS policy execution successful.
[2026-06-05 09:36:09 INF] Microsoft.AspNetCore.Cors.Infrastructure.CorsService: CORS policy execution successful.
[2026-06-05 09:36:09 INF] Microsoft.AspNetCore.Cors.Infrastructure.CorsService: CORS policy execution successful.
[2026-06-05 09:36:09 INF] Microsoft.AspNetCore.Routing.EndpointMiddleware: Executing endpoint 'WorkoutAPI.Controllers.ScheduleController.Get (WorkoutApi)'
[2026-06-05 09:36:09 INF] Microsoft.AspNetCore.Routing.EndpointMiddleware: Executing endpoint 'WorkoutAPI.Controllers.ExerciseController.Get (WorkoutApi)'
[2026-06-05 09:36:09 INF] Microsoft.AspNetCore.Routing.EndpointMiddleware: Executing endpoint 'WorkoutAPI.Controllers.ReportController.Get (WorkoutApi)'
[2026-06-05 09:36:09 INF] Microsoft.AspNetCore.Routing.EndpointMiddleware: Executing endpoint 'WorkoutAPI.Controllers.WorkoutPlanController.Get (WorkoutApi)'
[2026-06-05 09:36:09 INF] Microsoft.AspNetCore.Mvc.Infrastructure.ControllerActionInvoker: Route matched with {action = "Get", controller = "Schedule"}. Executing controller action with signature System.Threading.Tasks.Task`1[Microsoft.AspNetCore.Mvc.ActionResult`1[WorkoutAPI.Common.ApiResponse`1[System.Collections.Generic.IEnumerable`1[Workout.Application.Common.Dto.ScheduleWorkoutDto]]]] Get() on controller WorkoutAPI.Controllers.ScheduleController (WorkoutApi).
[2026-06-05 09:36:09 INF] Microsoft.AspNetCore.Mvc.Infrastructure.ControllerActionInvoker: Route matched with {action = "Get", controller = "Exercise"}. Executing controller action with signature System.Threading.Tasks.Task`1[Microsoft.AspNetCore.Mvc.ActionResult`1[WorkoutAPI.Common.ApiResponse`1[System.Collections.Generic.IEnumerable`1[Workout.Domain.Entities.Exercise]]]] Get() on controller WorkoutAPI.Controllers.ExerciseController (WorkoutApi).
[2026-06-05 09:36:09 INF] Microsoft.AspNetCore.Mvc.Infrastructure.ControllerActionInvoker: Route matched with {action = "Get", controller = "Report"}. Executing controller action with signature System.Threading.Tasks.Task`1[Microsoft.AspNetCore.Mvc.ActionResult`1[WorkoutAPI.Common.ApiResponse`1[Workout.Application.Common.Dto.WorkoutReportDto]]] Get() on controller WorkoutAPI.Controllers.ReportController (WorkoutApi).
[2026-06-05 09:36:09 INF] Microsoft.AspNetCore.Mvc.Infrastructure.ControllerActionInvoker: Route matched with {action = "Get", controller = "WorkoutPlan"}. Executing controller action with signature System.Threading.Tasks.Task`1[Microsoft.AspNetCore.Mvc.ActionResult`1[WorkoutAPI.Common.ApiResponse`1[System.Collections.Generic.IEnumerable`1[Workout.Application.Common.Dto.WorkoutPlanResponseDto]]]] Get() on controller WorkoutAPI.Controllers.WorkoutPlanController (WorkoutApi).
[2026-06-05 09:36:09 INF] Microsoft.AspNetCore.Mvc.Infrastructure.ObjectResultExecutor: Executing OkObjectResult, writing value of type 'WorkoutAPI.Common.ApiResponse`1[[System.Collections.Generic.IEnumerable`1[[Workout.Domain.Entities.Exercise, Workout.Domain, Version=1.0.0.0, Culture=neutral, PublicKeyToken=null]], System.Private.CoreLib, Version=8.0.0.0, Culture=neutral, PublicKeyToken=7cec85d7bea7798e]]'.
[2026-06-05 09:36:09 INF] Microsoft.AspNetCore.Mvc.Infrastructure.ControllerActionInvoker: Executed action WorkoutAPI.Controllers.ExerciseController.Get (WorkoutApi) in 81.6484ms
[2026-06-05 09:36:09 INF] Microsoft.AspNetCore.Routing.EndpointMiddleware: Executed endpoint 'WorkoutAPI.Controllers.ExerciseController.Get (WorkoutApi)'
[2026-06-05 09:36:09 INF] Serilog.AspNetCore.RequestLoggingMiddleware: HTTP GET /api/v1/exercises responded 200 in 138.8019ms
[2026-06-05 09:36:09 INF] Microsoft.AspNetCore.Hosting.Diagnostics: Request finished HTTP/1.1 GET http://localhost:5008/api/v1/exercises - 200 null application/json; charset=utf-8 153.4786ms
[2026-06-05 09:36:09 INF] Microsoft.AspNetCore.Mvc.Infrastructure.ObjectResultExecutor: Executing OkObjectResult, writing value of type 'WorkoutAPI.Common.ApiResponse`1[[System.Collections.Generic.IEnumerable`1[[Workout.Application.Common.Dto.WorkoutPlanResponseDto, Workout.Application, Version=1.0.0.0, Culture=neutral, PublicKeyToken=null]], System.Private.CoreLib, Version=8.0.0.0, Culture=neutral, PublicKeyToken=7cec85d7bea7798e]]'.
[2026-06-05 09:36:09 INF] Microsoft.AspNetCore.Mvc.Infrastructure.ObjectResultExecutor: Executing OkObjectResult, writing value of type 'WorkoutAPI.Common.ApiResponse`1[[Workout.Application.Common.Dto.WorkoutReportDto, Workout.Application, Version=1.0.0.0, Culture=neutral, PublicKeyToken=null]]'.
[2026-06-05 09:36:09 INF] Microsoft.AspNetCore.Mvc.Infrastructure.ControllerActionInvoker: Executed action WorkoutAPI.Controllers.WorkoutPlanController.Get (WorkoutApi) in 110.4095ms
[2026-06-05 09:36:09 INF] Microsoft.AspNetCore.Routing.EndpointMiddleware: Executed endpoint 'WorkoutAPI.Controllers.WorkoutPlanController.Get (WorkoutApi)'
[2026-06-05 09:36:09 INF] Serilog.AspNetCore.RequestLoggingMiddleware: HTTP GET /api/v1/workouts responded 200 in 172.2991ms
[2026-06-05 09:36:09 INF] Microsoft.AspNetCore.Hosting.Diagnostics: Request finished HTTP/1.1 GET http://localhost:5008/api/v1/workouts - 200 null application/json; charset=utf-8 186.3114ms
[2026-06-05 09:36:09 INF] Microsoft.AspNetCore.Mvc.Infrastructure.ControllerActionInvoker: Executed action WorkoutAPI.Controllers.ReportController.Get (WorkoutApi) in 124.231ms
[2026-06-05 09:36:09 INF] Microsoft.AspNetCore.Routing.EndpointMiddleware: Executed endpoint 'WorkoutAPI.Controllers.ReportController.Get (WorkoutApi)'
[2026-06-05 09:36:09 INF] Serilog.AspNetCore.RequestLoggingMiddleware: HTTP GET /api/v1/reports responded 200 in 186.0541ms
[2026-06-05 09:36:09 INF] Microsoft.AspNetCore.Hosting.Diagnostics: Request finished HTTP/1.1 GET http://localhost:5008/api/v1/reports - 200 null application/json; charset=utf-8 203.5875ms
[2026-06-05 09:36:09 INF] Microsoft.AspNetCore.Mvc.Infrastructure.ObjectResultExecutor: Executing OkObjectResult, writing value of type 'WorkoutAPI.Common.ApiResponse`1[[System.Collections.Generic.IEnumerable`1[[Workout.Application.Common.Dto.ScheduleWorkoutDto, Workout.Application, Version=1.0.0.0, Culture=neutral, PublicKeyToken=null]], System.Private.CoreLib, Version=8.0.0.0, Culture=neutral, PublicKeyToken=7cec85d7bea7798e]]'.
[2026-06-05 09:36:09 INF] Microsoft.AspNetCore.Mvc.Infrastructure.ControllerActionInvoker: Executed action WorkoutAPI.Controllers.ScheduleController.Get (WorkoutApi) in 162.4566ms
[2026-06-05 09:36:09 INF] Microsoft.AspNetCore.Routing.EndpointMiddleware: Executed endpoint 'WorkoutAPI.Controllers.ScheduleController.Get (WorkoutApi)'
[2026-06-05 09:36:09 INF] Serilog.AspNetCore.RequestLoggingMiddleware: HTTP GET /api/v1/workout-schedules responded 200 in 216.3744ms
[2026-06-05 09:36:09 INF] Microsoft.AspNetCore.Hosting.Diagnostics: Request finished HTTP/1.1 GET http://localhost:5008/api/v1/workout-schedules - 200 null application/json; charset=utf-8 236.5145ms
[2026-06-05 09:37:17 INF] Microsoft.AspNetCore.Hosting.Diagnostics: Request starting HTTP/1.1 OPTIONS http://localhost:5008/api/v1/auth/change-password - null null
[2026-06-05 09:37:17 INF] Microsoft.AspNetCore.Cors.Infrastructure.CorsService: CORS policy execution successful.
[2026-06-05 09:37:17 INF] Serilog.AspNetCore.RequestLoggingMiddleware: HTTP OPTIONS /api/v1/auth/change-password responded 204 in 1.7309ms
[2026-06-05 09:37:17 INF] Microsoft.AspNetCore.Hosting.Diagnostics: Request finished HTTP/1.1 OPTIONS http://localhost:5008/api/v1/auth/change-password - 204 null null 8.1455ms
[2026-06-05 09:37:17 INF] Microsoft.AspNetCore.Hosting.Diagnostics: Request starting HTTP/1.1 PUT http://localhost:5008/api/v1/auth/change-password - application/json 58
[2026-06-05 09:37:17 INF] Microsoft.AspNetCore.Cors.Infrastructure.CorsService: CORS policy execution successful.
[2026-06-05 09:37:17 INF] Microsoft.AspNetCore.Routing.EndpointMiddleware: Executing endpoint 'WorkoutAPI.Controllers.AuthController.ChangePassword (WorkoutApi)'
[2026-06-05 09:37:17 INF] Microsoft.AspNetCore.Mvc.Infrastructure.ControllerActionInvoker: Route matched with {action = "ChangePassword", controller = "Auth"}. Executing controller action with signature System.Threading.Tasks.Task`1[Microsoft.AspNetCore.Mvc.ActionResult`1[WorkoutAPI.Common.ApiResponse`1[System.String]]] ChangePassword(Workout.Application.Common.Dto.ChangePasswordDto) on controller WorkoutAPI.Controllers.AuthController (WorkoutApi).
[2026-06-05 09:37:17 INF] Microsoft.AspNetCore.Mvc.Infrastructure.ObjectResultExecutor: Executing OkObjectResult, writing value of type 'WorkoutAPI.Common.ApiResponse`1[[System.String, System.Private.CoreLib, Version=8.0.0.0, Culture=neutral, PublicKeyToken=7cec85d7bea7798e]]'.
[2026-06-05 09:37:17 INF] Microsoft.AspNetCore.Mvc.Infrastructure.ControllerActionInvoker: Executed action WorkoutAPI.Controllers.AuthController.ChangePassword (WorkoutApi) in 176.279ms
[2026-06-05 09:37:17 INF] Microsoft.AspNetCore.Routing.EndpointMiddleware: Executed endpoint 'WorkoutAPI.Controllers.AuthController.ChangePassword (WorkoutApi)'
[2026-06-05 09:37:17 INF] Serilog.AspNetCore.RequestLoggingMiddleware: HTTP PUT /api/v1/auth/change-password responded 200 in 201.1846ms
[2026-06-05 09:37:17 INF] Microsoft.AspNetCore.Hosting.Diagnostics: Request finished HTTP/1.1 PUT http://localhost:5008/api/v1/auth/change-password - 200 null application/json; charset=utf-8 206.9748ms
[2026-06-05 09:37:38 INF] Microsoft.AspNetCore.Hosting.Diagnostics: Request starting HTTP/1.1 OPTIONS http://localhost:5008/api/v1/auth/login - null null
[2026-06-05 09:37:38 INF] Microsoft.AspNetCore.Cors.Infrastructure.CorsService: CORS policy execution successful.
[2026-06-05 09:37:38 INF] Serilog.AspNetCore.RequestLoggingMiddleware: HTTP OPTIONS /api/v1/auth/login responded 204 in 1.3431ms
[2026-06-05 09:37:38 INF] Microsoft.AspNetCore.Hosting.Diagnostics: Request finished HTTP/1.1 OPTIONS http://localhost:5008/api/v1/auth/login - 204 null null 7.5007ms
[2026-06-05 09:37:38 INF] Microsoft.AspNetCore.Hosting.Diagnostics: Request starting HTTP/1.1 POST http://localhost:5008/api/v1/auth/login - application/json 45
[2026-06-05 09:37:38 INF] Microsoft.AspNetCore.Cors.Infrastructure.CorsService: CORS policy execution successful.
[2026-06-05 09:37:38 INF] Microsoft.AspNetCore.Routing.EndpointMiddleware: Executing endpoint 'WorkoutAPI.Controllers.AuthController.Login (WorkoutApi)'
[2026-06-05 09:37:38 INF] Microsoft.AspNetCore.Mvc.Infrastructure.ControllerActionInvoker: Route matched with {action = "Login", controller = "Auth"}. Executing controller action with signature System.Threading.Tasks.Task`1[Microsoft.AspNetCore.Mvc.ActionResult`1[WorkoutAPI.Common.ApiResponse`1[Workout.Application.Common.Dto.LoginResponseDto]]] Login(Workout.Application.Common.Dto.LoginRequestDto) on controller WorkoutAPI.Controllers.AuthController (WorkoutApi).
[2026-06-05 09:37:38 INF] Microsoft.AspNetCore.Mvc.Infrastructure.ObjectResultExecutor: Executing OkObjectResult, writing value of type 'WorkoutAPI.Common.ApiResponse`1[[Workout.Application.Common.Dto.LoginResponseDto, Workout.Application, Version=1.0.0.0, Culture=neutral, PublicKeyToken=null]]'.
[2026-06-05 09:37:38 INF] Microsoft.AspNetCore.Mvc.Infrastructure.ControllerActionInvoker: Executed action WorkoutAPI.Controllers.AuthController.Login (WorkoutApi) in 71.9341ms
[2026-06-05 09:37:38 INF] Microsoft.AspNetCore.Routing.EndpointMiddleware: Executed endpoint 'WorkoutAPI.Controllers.AuthController.Login (WorkoutApi)'
[2026-06-05 09:37:38 INF] Serilog.AspNetCore.RequestLoggingMiddleware: HTTP POST /api/v1/auth/login responded 200 in 80.8267ms
[2026-06-05 09:37:38 INF] Microsoft.AspNetCore.Hosting.Diagnostics: Request finished HTTP/1.1 POST http://localhost:5008/api/v1/auth/login - 200 null application/json; charset=utf-8 86.5094ms
[2026-06-05 09:46:47 INF] Microsoft.AspNetCore.Hosting.Diagnostics: Request starting HTTP/1.1 OPTIONS http://localhost:5008/api/v1/workout-schedules - null null
[2026-06-05 09:46:47 INF] Microsoft.AspNetCore.Hosting.Diagnostics: Request starting HTTP/1.1 OPTIONS http://localhost:5008/api/v1/workouts - null null
[2026-06-05 09:46:47 INF] Microsoft.AspNetCore.Hosting.Diagnostics: Request starting HTTP/1.1 OPTIONS http://localhost:5008/api/v1/reports - null null
[2026-06-05 09:46:47 INF] Microsoft.AspNetCore.Hosting.Diagnostics: Request starting HTTP/1.1 OPTIONS http://localhost:5008/api/v1/exercises - null null
[2026-06-05 09:46:47 INF] Microsoft.AspNetCore.Cors.Infrastructure.CorsService: CORS policy execution successful.
[2026-06-05 09:46:47 INF] Microsoft.AspNetCore.Cors.Infrastructure.CorsService: CORS policy execution successful.
[2026-06-05 09:46:47 INF] Microsoft.AspNetCore.Cors.Infrastructure.CorsService: CORS policy execution successful.
[2026-06-05 09:46:47 INF] Microsoft.AspNetCore.Cors.Infrastructure.CorsService: CORS policy execution successful.
[2026-06-05 09:46:47 INF] Serilog.AspNetCore.RequestLoggingMiddleware: HTTP OPTIONS /api/v1/workout-schedules responded 204 in 9.6618ms
[2026-06-05 09:46:47 INF] Serilog.AspNetCore.RequestLoggingMiddleware: HTTP OPTIONS /api/v1/workouts responded 204 in 7.9572ms
[2026-06-05 09:46:47 INF] Serilog.AspNetCore.RequestLoggingMiddleware: HTTP OPTIONS /api/v1/reports responded 204 in 6.2802ms
[2026-06-05 09:46:47 INF] Serilog.AspNetCore.RequestLoggingMiddleware: HTTP OPTIONS /api/v1/exercises responded 204 in 4.6287ms
[2026-06-05 09:46:47 INF] Microsoft.AspNetCore.Hosting.Diagnostics: Request finished HTTP/1.1 OPTIONS http://localhost:5008/api/v1/workout-schedules - 204 null null 19.3799ms
[2026-06-05 09:46:47 INF] Microsoft.AspNetCore.Hosting.Diagnostics: Request finished HTTP/1.1 OPTIONS http://localhost:5008/api/v1/workouts - 204 null null 20.7097ms
[2026-06-05 09:46:47 INF] Microsoft.AspNetCore.Hosting.Diagnostics: Request finished HTTP/1.1 OPTIONS http://localhost:5008/api/v1/reports - 204 null null 23.24ms
[2026-06-05 09:46:47 INF] Microsoft.AspNetCore.Hosting.Diagnostics: Request finished HTTP/1.1 OPTIONS http://localhost:5008/api/v1/exercises - 204 null null 25.3291ms
[2026-06-05 09:46:47 INF] Microsoft.AspNetCore.Hosting.Diagnostics: Request starting HTTP/1.1 GET http://localhost:5008/api/v1/workout-schedules - null null
[2026-06-05 09:46:47 INF] Microsoft.AspNetCore.Hosting.Diagnostics: Request starting HTTP/1.1 GET http://localhost:5008/api/v1/workouts - null null
[2026-06-05 09:46:47 INF] Microsoft.AspNetCore.Hosting.Diagnostics: Request starting HTTP/1.1 GET http://localhost:5008/api/v1/reports - null null
[2026-06-05 09:46:47 INF] Microsoft.AspNetCore.Hosting.Diagnostics: Request starting HTTP/1.1 GET http://localhost:5008/api/v1/exercises - null null
[2026-06-05 09:46:47 INF] Microsoft.AspNetCore.Cors.Infrastructure.CorsService: CORS policy execution successful.
[2026-06-05 09:46:47 INF] Microsoft.AspNetCore.Cors.Infrastructure.CorsService: CORS policy execution successful.
[2026-06-05 09:46:47 INF] Microsoft.AspNetCore.Cors.Infrastructure.CorsService: CORS policy execution successful.
[2026-06-05 09:46:47 INF] Microsoft.AspNetCore.Cors.Infrastructure.CorsService: CORS policy execution successful.
[2026-06-05 09:46:47 INF] Microsoft.AspNetCore.Routing.EndpointMiddleware: Executing endpoint 'WorkoutAPI.Controllers.ScheduleController.Get (WorkoutApi)'
[2026-06-05 09:46:47 INF] Microsoft.AspNetCore.Routing.EndpointMiddleware: Executing endpoint 'WorkoutAPI.Controllers.WorkoutPlanController.Get (WorkoutApi)'
[2026-06-05 09:46:47 INF] Microsoft.AspNetCore.Routing.EndpointMiddleware: Executing endpoint 'WorkoutAPI.Controllers.ReportController.Get (WorkoutApi)'
[2026-06-05 09:46:47 INF] Microsoft.AspNetCore.Routing.EndpointMiddleware: Executing endpoint 'WorkoutAPI.Controllers.ExerciseController.Get (WorkoutApi)'
[2026-06-05 09:46:47 INF] Microsoft.AspNetCore.Mvc.Infrastructure.ControllerActionInvoker: Route matched with {action = "Get", controller = "Schedule"}. Executing controller action with signature System.Threading.Tasks.Task`1[Microsoft.AspNetCore.Mvc.ActionResult`1[WorkoutAPI.Common.ApiResponse`1[System.Collections.Generic.IEnumerable`1[Workout.Application.Common.Dto.ScheduleWorkoutDto]]]] Get() on controller WorkoutAPI.Controllers.ScheduleController (WorkoutApi).
[2026-06-05 09:46:47 INF] Microsoft.AspNetCore.Mvc.Infrastructure.ControllerActionInvoker: Route matched with {action = "Get", controller = "WorkoutPlan"}. Executing controller action with signature System.Threading.Tasks.Task`1[Microsoft.AspNetCore.Mvc.ActionResult`1[WorkoutAPI.Common.ApiResponse`1[System.Collections.Generic.IEnumerable`1[Workout.Application.Common.Dto.WorkoutPlanResponseDto]]]] Get() on controller WorkoutAPI.Controllers.WorkoutPlanController (WorkoutApi).
[2026-06-05 09:46:47 INF] Microsoft.AspNetCore.Mvc.Infrastructure.ControllerActionInvoker: Route matched with {action = "Get", controller = "Report"}. Executing controller action with signature System.Threading.Tasks.Task`1[Microsoft.AspNetCore.Mvc.ActionResult`1[WorkoutAPI.Common.ApiResponse`1[Workout.Application.Common.Dto.WorkoutReportDto]]] Get() on controller WorkoutAPI.Controllers.ReportController (WorkoutApi).
[2026-06-05 09:46:47 INF] Microsoft.AspNetCore.Mvc.Infrastructure.ControllerActionInvoker: Route matched with {action = "Get", controller = "Exercise"}. Executing controller action with signature System.Threading.Tasks.Task`1[Microsoft.AspNetCore.Mvc.ActionResult`1[WorkoutAPI.Common.ApiResponse`1[System.Collections.Generic.IEnumerable`1[Workout.Domain.Entities.Exercise]]]] Get() on controller WorkoutAPI.Controllers.ExerciseController (WorkoutApi).
[2026-06-05 09:46:47 INF] Microsoft.AspNetCore.Mvc.Infrastructure.ObjectResultExecutor: Executing OkObjectResult, writing value of type 'WorkoutAPI.Common.ApiResponse`1[[System.Collections.Generic.IEnumerable`1[[Workout.Domain.Entities.Exercise, Workout.Domain, Version=1.0.0.0, Culture=neutral, PublicKeyToken=null]], System.Private.CoreLib, Version=8.0.0.0, Culture=neutral, PublicKeyToken=7cec85d7bea7798e]]'.
[2026-06-05 09:46:47 INF] Microsoft.AspNetCore.Mvc.Infrastructure.ObjectResultExecutor: Executing OkObjectResult, writing value of type 'WorkoutAPI.Common.ApiResponse`1[[Workout.Application.Common.Dto.WorkoutReportDto, Workout.Application, Version=1.0.0.0, Culture=neutral, PublicKeyToken=null]]'.
[2026-06-05 09:46:47 INF] Microsoft.AspNetCore.Mvc.Infrastructure.ObjectResultExecutor: Executing OkObjectResult, writing value of type 'WorkoutAPI.Common.ApiResponse`1[[System.Collections.Generic.IEnumerable`1[[Workout.Application.Common.Dto.WorkoutPlanResponseDto, Workout.Application, Version=1.0.0.0, Culture=neutral, PublicKeyToken=null]], System.Private.CoreLib, Version=8.0.0.0, Culture=neutral, PublicKeyToken=7cec85d7bea7798e]]'.
[2026-06-05 09:46:47 INF] Microsoft.AspNetCore.Mvc.Infrastructure.ObjectResultExecutor: Executing OkObjectResult, writing value of type 'WorkoutAPI.Common.ApiResponse`1[[System.Collections.Generic.IEnumerable`1[[Workout.Application.Common.Dto.ScheduleWorkoutDto, Workout.Application, Version=1.0.0.0, Culture=neutral, PublicKeyToken=null]], System.Private.CoreLib, Version=8.0.0.0, Culture=neutral, PublicKeyToken=7cec85d7bea7798e]]'.
[2026-06-05 09:46:47 INF] Microsoft.AspNetCore.Mvc.Infrastructure.ControllerActionInvoker: Executed action WorkoutAPI.Controllers.ExerciseController.Get (WorkoutApi) in 13.3679ms
[2026-06-05 09:46:47 INF] Microsoft.AspNetCore.Mvc.Infrastructure.ControllerActionInvoker: Executed action WorkoutAPI.Controllers.ReportController.Get (WorkoutApi) in 17.7658ms
[2026-06-05 09:46:47 INF] Microsoft.AspNetCore.Mvc.Infrastructure.ControllerActionInvoker: Executed action WorkoutAPI.Controllers.WorkoutPlanController.Get (WorkoutApi) in 22.3081ms
[2026-06-05 09:46:47 INF] Microsoft.AspNetCore.Mvc.Infrastructure.ControllerActionInvoker: Executed action WorkoutAPI.Controllers.ScheduleController.Get (WorkoutApi) in 26.4692ms
[2026-06-05 09:46:47 INF] Microsoft.AspNetCore.Routing.EndpointMiddleware: Executed endpoint 'WorkoutAPI.Controllers.ExerciseController.Get (WorkoutApi)'
[2026-06-05 09:46:47 INF] Microsoft.AspNetCore.Routing.EndpointMiddleware: Executed endpoint 'WorkoutAPI.Controllers.ReportController.Get (WorkoutApi)'
[2026-06-05 09:46:47 INF] Microsoft.AspNetCore.Routing.EndpointMiddleware: Executed endpoint 'WorkoutAPI.Controllers.WorkoutPlanController.Get (WorkoutApi)'
[2026-06-05 09:46:47 INF] Microsoft.AspNetCore.Routing.EndpointMiddleware: Executed endpoint 'WorkoutAPI.Controllers.ScheduleController.Get (WorkoutApi)'
[2026-06-05 09:46:47 INF] Serilog.AspNetCore.RequestLoggingMiddleware: HTTP GET /api/v1/exercises responded 200 in 47.5704ms
[2026-06-05 09:46:47 INF] Serilog.AspNetCore.RequestLoggingMiddleware: HTTP GET /api/v1/reports responded 200 in 51.9295ms
[2026-06-05 09:46:47 INF] Serilog.AspNetCore.RequestLoggingMiddleware: HTTP GET /api/v1/workouts responded 200 in 56.2765ms
[2026-06-05 09:46:47 INF] Serilog.AspNetCore.RequestLoggingMiddleware: HTTP GET /api/v1/workout-schedules responded 200 in 60.6516ms
[2026-06-05 09:46:47 INF] Microsoft.AspNetCore.Hosting.Diagnostics: Request finished HTTP/1.1 GET http://localhost:5008/api/v1/exercises - 200 null application/json; charset=utf-8 66.7802ms
[2026-06-05 09:46:47 INF] Microsoft.AspNetCore.Hosting.Diagnostics: Request finished HTTP/1.1 GET http://localhost:5008/api/v1/reports - 200 null application/json; charset=utf-8 73.21ms
[2026-06-05 09:46:47 INF] Microsoft.AspNetCore.Hosting.Diagnostics: Request finished HTTP/1.1 GET http://localhost:5008/api/v1/workouts - 200 null application/json; charset=utf-8 79.2483ms
[2026-06-05 09:46:47 INF] Microsoft.AspNetCore.Hosting.Diagnostics: Request finished HTTP/1.1 GET http://localhost:5008/api/v1/workout-schedules - 200 null application/json; charset=utf-8 85.2363ms
[2026-06-05 09:49:24 INF] Microsoft.AspNetCore.Hosting.Diagnostics: Request starting HTTP/1.1 OPTIONS http://localhost:5008/api/v1/workout-schedules - null null
[2026-06-05 09:49:24 INF] Microsoft.AspNetCore.Hosting.Diagnostics: Request starting HTTP/1.1 OPTIONS http://localhost:5008/api/v1/reports - null null
[2026-06-05 09:49:24 INF] Microsoft.AspNetCore.Hosting.Diagnostics: Request starting HTTP/1.1 OPTIONS http://localhost:5008/api/v1/workouts - null null
[2026-06-05 09:49:24 INF] Microsoft.AspNetCore.Hosting.Diagnostics: Request starting HTTP/1.1 OPTIONS http://localhost:5008/api/v1/exercises - null null
[2026-06-05 09:49:24 INF] Microsoft.AspNetCore.Cors.Infrastructure.CorsService: CORS policy execution successful.
[2026-06-05 09:49:24 INF] Microsoft.AspNetCore.Cors.Infrastructure.CorsService: CORS policy execution successful.
[2026-06-05 09:49:24 INF] Microsoft.AspNetCore.Cors.Infrastructure.CorsService: CORS policy execution successful.
[2026-06-05 09:49:24 INF] Microsoft.AspNetCore.Cors.Infrastructure.CorsService: CORS policy execution successful.
[2026-06-05 09:49:24 INF] Serilog.AspNetCore.RequestLoggingMiddleware: HTTP OPTIONS /api/v1/workout-schedules responded 204 in 9.5565ms
[2026-06-05 09:49:24 INF] Serilog.AspNetCore.RequestLoggingMiddleware: HTTP OPTIONS /api/v1/reports responded 204 in 8.1325ms
[2026-06-05 09:49:24 INF] Serilog.AspNetCore.RequestLoggingMiddleware: HTTP OPTIONS /api/v1/workouts responded 204 in 6.5463ms
[2026-06-05 09:49:24 INF] Serilog.AspNetCore.RequestLoggingMiddleware: HTTP OPTIONS /api/v1/exercises responded 204 in 4.9317ms
[2026-06-05 09:49:24 INF] Microsoft.AspNetCore.Hosting.Diagnostics: Request finished HTTP/1.1 OPTIONS http://localhost:5008/api/v1/workout-schedules - 204 null null 19.4539ms
[2026-06-05 09:49:24 INF] Microsoft.AspNetCore.Hosting.Diagnostics: Request finished HTTP/1.1 OPTIONS http://localhost:5008/api/v1/reports - 204 null null 20.8148ms
[2026-06-05 09:49:24 INF] Microsoft.AspNetCore.Hosting.Diagnostics: Request finished HTTP/1.1 OPTIONS http://localhost:5008/api/v1/workouts - 204 null null 23.0666ms
[2026-06-05 09:49:24 INF] Microsoft.AspNetCore.Hosting.Diagnostics: Request finished HTTP/1.1 OPTIONS http://localhost:5008/api/v1/exercises - 204 null null 25.2538ms
[2026-06-05 09:49:24 INF] Microsoft.AspNetCore.Hosting.Diagnostics: Request starting HTTP/1.1 GET http://localhost:5008/api/v1/workout-schedules - null null
[2026-06-05 09:49:24 INF] Microsoft.AspNetCore.Hosting.Diagnostics: Request starting HTTP/1.1 GET http://localhost:5008/api/v1/reports - null null
[2026-06-05 09:49:24 INF] Microsoft.AspNetCore.Hosting.Diagnostics: Request starting HTTP/1.1 GET http://localhost:5008/api/v1/workouts - null null
[2026-06-05 09:49:24 INF] Microsoft.AspNetCore.Hosting.Diagnostics: Request starting HTTP/1.1 GET http://localhost:5008/api/v1/exercises - null null
[2026-06-05 09:49:24 INF] Microsoft.AspNetCore.Cors.Infrastructure.CorsService: CORS policy execution successful.
[2026-06-05 09:49:24 INF] Microsoft.AspNetCore.Cors.Infrastructure.CorsService: CORS policy execution successful.
[2026-06-05 09:49:24 INF] Microsoft.AspNetCore.Cors.Infrastructure.CorsService: CORS policy execution successful.
[2026-06-05 09:49:24 INF] Microsoft.AspNetCore.Cors.Infrastructure.CorsService: CORS policy execution successful.
[2026-06-05 09:49:24 INF] Microsoft.AspNetCore.Routing.EndpointMiddleware: Executing endpoint 'WorkoutAPI.Controllers.ScheduleController.Get (WorkoutApi)'
[2026-06-05 09:49:24 INF] Microsoft.AspNetCore.Routing.EndpointMiddleware: Executing endpoint 'WorkoutAPI.Controllers.ReportController.Get (WorkoutApi)'
[2026-06-05 09:49:24 INF] Microsoft.AspNetCore.Routing.EndpointMiddleware: Executing endpoint 'WorkoutAPI.Controllers.WorkoutPlanController.Get (WorkoutApi)'
[2026-06-05 09:49:24 INF] Microsoft.AspNetCore.Routing.EndpointMiddleware: Executing endpoint 'WorkoutAPI.Controllers.ExerciseController.Get (WorkoutApi)'
[2026-06-05 09:49:25 INF] Microsoft.AspNetCore.Mvc.Infrastructure.ControllerActionInvoker: Route matched with {action = "Get", controller = "Schedule"}. Executing controller action with signature System.Threading.Tasks.Task`1[Microsoft.AspNetCore.Mvc.ActionResult`1[WorkoutAPI.Common.ApiResponse`1[System.Collections.Generic.IEnumerable`1[Workout.Application.Common.Dto.ScheduleWorkoutDto]]]] Get() on controller WorkoutAPI.Controllers.ScheduleController (WorkoutApi).
[2026-06-05 09:49:25 INF] Microsoft.AspNetCore.Mvc.Infrastructure.ControllerActionInvoker: Route matched with {action = "Get", controller = "Report"}. Executing controller action with signature System.Threading.Tasks.Task`1[Microsoft.AspNetCore.Mvc.ActionResult`1[WorkoutAPI.Common.ApiResponse`1[Workout.Application.Common.Dto.WorkoutReportDto]]] Get() on controller WorkoutAPI.Controllers.ReportController (WorkoutApi).
[2026-06-05 09:49:25 INF] Microsoft.AspNetCore.Mvc.Infrastructure.ControllerActionInvoker: Route matched with {action = "Get", controller = "WorkoutPlan"}. Executing controller action with signature System.Threading.Tasks.Task`1[Microsoft.AspNetCore.Mvc.ActionResult`1[WorkoutAPI.Common.ApiResponse`1[System.Collections.Generic.IEnumerable`1[Workout.Application.Common.Dto.WorkoutPlanResponseDto]]]] Get() on controller WorkoutAPI.Controllers.WorkoutPlanController (WorkoutApi).
[2026-06-05 09:49:25 INF] Microsoft.AspNetCore.Mvc.Infrastructure.ControllerActionInvoker: Route matched with {action = "Get", controller = "Exercise"}. Executing controller action with signature System.Threading.Tasks.Task`1[Microsoft.AspNetCore.Mvc.ActionResult`1[WorkoutAPI.Common.ApiResponse`1[System.Collections.Generic.IEnumerable`1[Workout.Domain.Entities.Exercise]]]] Get() on controller WorkoutAPI.Controllers.ExerciseController (WorkoutApi).
[2026-06-05 09:49:25 INF] Microsoft.AspNetCore.Mvc.Infrastructure.ObjectResultExecutor: Executing OkObjectResult, writing value of type 'WorkoutAPI.Common.ApiResponse`1[[Workout.Application.Common.Dto.WorkoutReportDto, Workout.Application, Version=1.0.0.0, Culture=neutral, PublicKeyToken=null]]'.
[2026-06-05 09:49:25 INF] Microsoft.AspNetCore.Mvc.Infrastructure.ControllerActionInvoker: Executed action WorkoutAPI.Controllers.ReportController.Get (WorkoutApi) in 15.6418ms
[2026-06-05 09:49:25 INF] Microsoft.AspNetCore.Mvc.Infrastructure.ObjectResultExecutor: Executing OkObjectResult, writing value of type 'WorkoutAPI.Common.ApiResponse`1[[System.Collections.Generic.IEnumerable`1[[Workout.Application.Common.Dto.WorkoutPlanResponseDto, Workout.Application, Version=1.0.0.0, Culture=neutral, PublicKeyToken=null]], System.Private.CoreLib, Version=8.0.0.0, Culture=neutral, PublicKeyToken=7cec85d7bea7798e]]'.
[2026-06-05 09:49:25 INF] Microsoft.AspNetCore.Routing.EndpointMiddleware: Executed endpoint 'WorkoutAPI.Controllers.ReportController.Get (WorkoutApi)'
[2026-06-05 09:49:25 INF] Microsoft.AspNetCore.Mvc.Infrastructure.ObjectResultExecutor: Executing OkObjectResult, writing value of type 'WorkoutAPI.Common.ApiResponse`1[[System.Collections.Generic.IEnumerable`1[[Workout.Application.Common.Dto.ScheduleWorkoutDto, Workout.Application, Version=1.0.0.0, Culture=neutral, PublicKeyToken=null]], System.Private.CoreLib, Version=8.0.0.0, Culture=neutral, PublicKeyToken=7cec85d7bea7798e]]'.
[2026-06-05 09:49:25 INF] Microsoft.AspNetCore.Mvc.Infrastructure.ObjectResultExecutor: Executing OkObjectResult, writing value of type 'WorkoutAPI.Common.ApiResponse`1[[System.Collections.Generic.IEnumerable`1[[Workout.Domain.Entities.Exercise, Workout.Domain, Version=1.0.0.0, Culture=neutral, PublicKeyToken=null]], System.Private.CoreLib, Version=8.0.0.0, Culture=neutral, PublicKeyToken=7cec85d7bea7798e]]'.
[2026-06-05 09:49:25 INF] Microsoft.AspNetCore.Mvc.Infrastructure.ControllerActionInvoker: Executed action WorkoutAPI.Controllers.WorkoutPlanController.Get (WorkoutApi) in 17.1664ms
[2026-06-05 09:49:25 INF] Serilog.AspNetCore.RequestLoggingMiddleware: HTTP GET /api/v1/reports responded 200 in 40.4476ms
[2026-06-05 09:49:25 INF] Microsoft.AspNetCore.Mvc.Infrastructure.ControllerActionInvoker: Executed action WorkoutAPI.Controllers.ScheduleController.Get (WorkoutApi) in 23.4161ms
[2026-06-05 09:49:25 INF] Microsoft.AspNetCore.Mvc.Infrastructure.ControllerActionInvoker: Executed action WorkoutAPI.Controllers.ExerciseController.Get (WorkoutApi) in 19.2136ms
[2026-06-05 09:49:25 INF] Microsoft.AspNetCore.Routing.EndpointMiddleware: Executed endpoint 'WorkoutAPI.Controllers.WorkoutPlanController.Get (WorkoutApi)'
[2026-06-05 09:49:25 INF] Microsoft.AspNetCore.Hosting.Diagnostics: Request finished HTTP/1.1 GET http://localhost:5008/api/v1/reports - 200 null application/json; charset=utf-8 61.8615ms
[2026-06-05 09:49:25 INF] Microsoft.AspNetCore.Routing.EndpointMiddleware: Executed endpoint 'WorkoutAPI.Controllers.ScheduleController.Get (WorkoutApi)'
[2026-06-05 09:49:25 INF] Microsoft.AspNetCore.Routing.EndpointMiddleware: Executed endpoint 'WorkoutAPI.Controllers.ExerciseController.Get (WorkoutApi)'
[2026-06-05 09:49:25 INF] Serilog.AspNetCore.RequestLoggingMiddleware: HTTP GET /api/v1/workouts responded 200 in 49.6937ms
[2026-06-05 09:49:25 INF] Serilog.AspNetCore.RequestLoggingMiddleware: HTTP GET /api/v1/workout-schedules responded 200 in 61.4767ms
[2026-06-05 09:49:25 INF] Serilog.AspNetCore.RequestLoggingMiddleware: HTTP GET /api/v1/exercises responded 200 in 53.7560ms
[2026-06-05 09:49:25 INF] Microsoft.AspNetCore.Hosting.Diagnostics: Request finished HTTP/1.1 GET http://localhost:5008/api/v1/workouts - 200 null application/json; charset=utf-8 72.7264ms
[2026-06-05 09:49:25 INF] Microsoft.AspNetCore.Hosting.Diagnostics: Request finished HTTP/1.1 GET http://localhost:5008/api/v1/workout-schedules - 200 null application/json; charset=utf-8 83.0799ms
[2026-06-05 09:49:25 INF] Microsoft.AspNetCore.Hosting.Diagnostics: Request finished HTTP/1.1 GET http://localhost:5008/api/v1/exercises - 200 null application/json; charset=utf-8 73.9975ms
[2026-06-05 09:49:33 INF] Microsoft.AspNetCore.Hosting.Diagnostics: Request starting HTTP/1.1 OPTIONS http://localhost:5008/api/v1/auth/profile - null null
[2026-06-05 09:49:33 INF] Microsoft.AspNetCore.Cors.Infrastructure.CorsService: CORS policy execution successful.
[2026-06-05 09:49:33 INF] Serilog.AspNetCore.RequestLoggingMiddleware: HTTP OPTIONS /api/v1/auth/profile responded 204 in 1.3360ms
[2026-06-05 09:49:33 INF] Microsoft.AspNetCore.Hosting.Diagnostics: Request finished HTTP/1.1 OPTIONS http://localhost:5008/api/v1/auth/profile - 204 null null 7.3739ms
[2026-06-05 09:49:33 INF] Microsoft.AspNetCore.Hosting.Diagnostics: Request starting HTTP/1.1 PUT http://localhost:5008/api/v1/auth/profile - application/json 44
[2026-06-05 09:49:33 INF] Microsoft.AspNetCore.Cors.Infrastructure.CorsService: CORS policy execution successful.
[2026-06-05 09:49:33 INF] Microsoft.AspNetCore.Routing.EndpointMiddleware: Executing endpoint 'WorkoutAPI.Controllers.AuthController.UpdateProfile (WorkoutApi)'
[2026-06-05 09:49:33 INF] Microsoft.AspNetCore.Mvc.Infrastructure.ControllerActionInvoker: Route matched with {action = "UpdateProfile", controller = "Auth"}. Executing controller action with signature System.Threading.Tasks.Task`1[Microsoft.AspNetCore.Mvc.ActionResult`1[WorkoutAPI.Common.ApiResponse`1[Workout.Application.Common.Dto.LoginResponseDto]]] UpdateProfile(Workout.Application.Common.Dto.UpdateProfileDto) on controller WorkoutAPI.Controllers.AuthController (WorkoutApi).
[2026-06-05 09:49:33 INF] Microsoft.AspNetCore.Mvc.Infrastructure.ObjectResultExecutor: Executing OkObjectResult, writing value of type 'WorkoutAPI.Common.ApiResponse`1[[Workout.Application.Common.Dto.LoginResponseDto, Workout.Application, Version=1.0.0.0, Culture=neutral, PublicKeyToken=null]]'.
[2026-06-05 09:49:33 INF] Microsoft.AspNetCore.Mvc.Infrastructure.ControllerActionInvoker: Executed action WorkoutAPI.Controllers.AuthController.UpdateProfile (WorkoutApi) in 34.3734ms
[2026-06-05 09:49:33 INF] Microsoft.AspNetCore.Routing.EndpointMiddleware: Executed endpoint 'WorkoutAPI.Controllers.AuthController.UpdateProfile (WorkoutApi)'
[2026-06-05 09:49:33 INF] Serilog.AspNetCore.RequestLoggingMiddleware: HTTP PUT /api/v1/auth/profile responded 200 in 45.4252ms
[2026-06-05 09:49:33 INF] Microsoft.AspNetCore.Hosting.Diagnostics: Request finished HTTP/1.1 PUT http://localhost:5008/api/v1/auth/profile - 200 null application/json; charset=utf-8 51.0527ms
