[2026-06-07 22:46:02 INF] : Starting web application
[2026-06-07 22:46:04 INF] Microsoft.AspNetCore.DataProtection.KeyManagement.XmlKeyManager: User profile is available. Using 'C:\Users\HP\AppData\Local\ASP.NET\DataProtection-Keys' as key repository and Windows DPAPI to encrypt keys at rest.
[2026-06-07 22:46:05 INF] Microsoft.Hosting.Lifetime: Now listening on: http://localhost:5008
[2026-06-07 22:46:05 INF] Microsoft.Hosting.Lifetime: Application started. Press Ctrl+C to shut down.
[2026-06-07 22:46:05 INF] Microsoft.Hosting.Lifetime: Hosting environment: Development
[2026-06-07 22:46:05 INF] Microsoft.Hosting.Lifetime: Content root path: C:\Users\HP\Documents\GitHub\WorkoutTrackerBE\WorkoutAPI
[2026-06-07 22:46:05 INF] Microsoft.AspNetCore.Hosting.Diagnostics: Request starting HTTP/1.1 GET http://localhost:5008/swagger - null null
[2026-06-07 22:46:05 INF] Microsoft.AspNetCore.Hosting.Diagnostics: Request finished HTTP/1.1 GET http://localhost:5008/swagger - 301 0 null 354.4313ms
[2026-06-07 22:46:05 INF] Microsoft.AspNetCore.Hosting.Diagnostics: Request starting HTTP/1.1 GET http://localhost:5008/swagger/index.html - null null
[2026-06-07 22:46:05 INF] Microsoft.AspNetCore.Hosting.Diagnostics: Request starting HTTP/1.1 GET http://localhost:5008/swagger/swagger-ui-standalone-preset.js - null null
[2026-06-07 22:46:05 INF] Microsoft.AspNetCore.Hosting.Diagnostics: Request finished HTTP/1.1 GET http://localhost:5008/swagger/index.html - 200 null text/html;charset=utf-8 283.389ms
[2026-06-07 22:46:05 INF] Microsoft.AspNetCore.Hosting.Diagnostics: Request starting HTTP/1.1 GET http://localhost:5008/swagger/swagger-ui-bundle.js - null null
[2026-06-07 22:46:05 INF] Microsoft.AspNetCore.Hosting.Diagnostics: Request starting HTTP/1.1 GET http://localhost:5008/swagger/swagger-ui.css - null null
[2026-06-07 22:46:05 INF] Microsoft.AspNetCore.Hosting.Diagnostics: Request starting HTTP/1.1 GET http://localhost:5008/_framework/aspnetcore-browser-refresh.js - null null
[2026-06-07 22:46:06 INF] Microsoft.AspNetCore.Hosting.Diagnostics: Request finished HTTP/1.1 GET http://localhost:5008/_framework/aspnetcore-browser-refresh.js - 200 16481 application/javascript; charset=utf-8 102.1672ms
[2026-06-07 22:46:06 INF] Microsoft.AspNetCore.StaticFiles.StaticFileMiddleware: Sending file. Request path: '/swagger-ui-standalone-preset.js'. Physical path: 'N/A'
[2026-06-07 22:46:06 INF] Microsoft.AspNetCore.StaticFiles.StaticFileMiddleware: Sending file. Request path: '/swagger-ui.css'. Physical path: 'N/A'
[2026-06-07 22:46:06 INF] Microsoft.AspNetCore.Hosting.Diagnostics: Request finished HTTP/1.1 GET http://localhost:5008/swagger/swagger-ui.css - 200 143943 text/css 448.8439ms
[2026-06-07 22:46:06 INF] Microsoft.AspNetCore.Hosting.Diagnostics: Request finished HTTP/1.1 GET http://localhost:5008/swagger/swagger-ui-standalone-preset.js - 200 339486 text/javascript 451.6649ms
[2026-06-07 22:46:06 INF] Microsoft.AspNetCore.StaticFiles.StaticFileMiddleware: Sending file. Request path: '/swagger-ui-bundle.js'. Physical path: 'N/A'
[2026-06-07 22:46:06 INF] Microsoft.AspNetCore.Hosting.Diagnostics: Request finished HTTP/1.1 GET http://localhost:5008/swagger/swagger-ui-bundle.js - 200 1096145 text/javascript 462.3567ms
[2026-06-07 22:46:06 INF] Microsoft.AspNetCore.Hosting.Diagnostics: Request starting HTTP/1.1 GET http://localhost:5008/swagger/v1/swagger.json - null null
[2026-06-07 22:46:06 INF] Microsoft.AspNetCore.Hosting.Diagnostics: Request starting HTTP/1.1 GET http://localhost:5008/swagger/favicon-32x32.png - null null
[2026-06-07 22:46:06 INF] Microsoft.AspNetCore.StaticFiles.StaticFileMiddleware: Sending file. Request path: '/favicon-32x32.png'. Physical path: 'N/A'
[2026-06-07 22:46:06 INF] Microsoft.AspNetCore.Hosting.Diagnostics: Request finished HTTP/1.1 GET http://localhost:5008/swagger/favicon-32x32.png - 200 628 image/png 1.1828ms
[2026-06-07 22:46:06 INF] Microsoft.AspNetCore.Hosting.Diagnostics: Request finished HTTP/1.1 GET http://localhost:5008/swagger/v1/swagger.json - 200 null application/json;charset=utf-8 301.4433ms
[2026-06-07 22:46:07 INF] Microsoft.AspNetCore.Hosting.Diagnostics: Request starting HTTP/1.1 OPTIONS http://localhost:5008/api/v1/auth/login - null null
[2026-06-07 22:46:07 WRN] Microsoft.AspNetCore.HttpsPolicy.HttpsRedirectionMiddleware: Failed to determine the https port for redirect.
[2026-06-07 22:46:07 INF] Microsoft.AspNetCore.Cors.Infrastructure.CorsService: CORS policy execution successful.
[2026-06-07 22:46:08 INF] Serilog.AspNetCore.RequestLoggingMiddleware: HTTP OPTIONS /api/v1/auth/login responded 204 in 19.1459ms
[2026-06-07 22:46:08 INF] Microsoft.AspNetCore.Hosting.Diagnostics: Request finished HTTP/1.1 OPTIONS http://localhost:5008/api/v1/auth/login - 204 null null 91.3712ms
[2026-06-07 22:46:08 INF] Microsoft.AspNetCore.Hosting.Diagnostics: Request starting HTTP/1.1 POST http://localhost:5008/api/v1/auth/login - application/json 58
[2026-06-07 22:46:08 INF] Microsoft.AspNetCore.Cors.Infrastructure.CorsService: CORS policy execution successful.
[2026-06-07 22:46:08 INF] Microsoft.AspNetCore.Routing.EndpointMiddleware: Executing endpoint 'WorkoutAPI.Controllers.AuthController.Login (WorkoutApi)'
[2026-06-07 22:46:08 INF] Microsoft.AspNetCore.Mvc.Infrastructure.ControllerActionInvoker: Route matched with {action = "Login", controller = "Auth"}. Executing controller action with signature System.Threading.Tasks.Task`1[Microsoft.AspNetCore.Mvc.ActionResult`1[WorkoutAPI.Common.ApiResponse`1[Workout.Application.Common.Dto.LoginResponseDto]]] Login(Workout.Application.Common.Dto.LoginRequestDto) on controller WorkoutAPI.Controllers.AuthController (WorkoutApi).
[2026-06-07 22:46:09 INF] Microsoft.AspNetCore.Mvc.Infrastructure.ObjectResultExecutor: Executing OkObjectResult, writing value of type 'WorkoutAPI.Common.ApiResponse`1[[Workout.Application.Common.Dto.LoginResponseDto, Workout.Application, Version=1.0.0.0, Culture=neutral, PublicKeyToken=null]]'.
[2026-06-07 22:46:09 INF] Microsoft.AspNetCore.Mvc.Infrastructure.ControllerActionInvoker: Executed action WorkoutAPI.Controllers.AuthController.Login (WorkoutApi) in 990.6612ms
[2026-06-07 22:46:09 INF] Microsoft.AspNetCore.Routing.EndpointMiddleware: Executed endpoint 'WorkoutAPI.Controllers.AuthController.Login (WorkoutApi)'
[2026-06-07 22:46:09 INF] Serilog.AspNetCore.RequestLoggingMiddleware: HTTP POST /api/v1/auth/login responded 200 in 1123.4408ms
[2026-06-07 22:46:09 INF] Microsoft.AspNetCore.Hosting.Diagnostics: Request finished HTTP/1.1 POST http://localhost:5008/api/v1/auth/login - 200 null application/json; charset=utf-8 1239.9201ms
[2026-06-07 22:46:09 INF] Microsoft.AspNetCore.Hosting.Diagnostics: Request starting HTTP/1.1 OPTIONS http://localhost:5008/api/v1/workout-schedules - null null
[2026-06-07 22:46:09 INF] Microsoft.AspNetCore.Cors.Infrastructure.CorsService: CORS policy execution successful.
[2026-06-07 22:46:09 INF] Serilog.AspNetCore.RequestLoggingMiddleware: HTTP OPTIONS /api/v1/workout-schedules responded 204 in 1.5001ms
[2026-06-07 22:46:09 INF] Microsoft.AspNetCore.Hosting.Diagnostics: Request finished HTTP/1.1 OPTIONS http://localhost:5008/api/v1/workout-schedules - 204 null null 2.2187ms
[2026-06-07 22:46:09 INF] Microsoft.AspNetCore.Hosting.Diagnostics: Request starting HTTP/1.1 GET http://localhost:5008/api/v1/workout-schedules - null null
[2026-06-07 22:46:09 INF] Microsoft.AspNetCore.Hosting.Diagnostics: Request starting HTTP/1.1 OPTIONS http://localhost:5008/api/v1/reports - null null
[2026-06-07 22:46:09 INF] Microsoft.AspNetCore.Cors.Infrastructure.CorsService: CORS policy execution successful.
[2026-06-07 22:46:09 INF] Serilog.AspNetCore.RequestLoggingMiddleware: HTTP OPTIONS /api/v1/reports responded 204 in 0.1679ms
[2026-06-07 22:46:09 INF] Microsoft.AspNetCore.Hosting.Diagnostics: Request starting HTTP/1.1 OPTIONS http://localhost:5008/api/v1/exercises - null null
[2026-06-07 22:46:09 INF] Microsoft.AspNetCore.Cors.Infrastructure.CorsService: CORS policy execution successful.
[2026-06-07 22:46:09 INF] Microsoft.AspNetCore.Hosting.Diagnostics: Request starting HTTP/1.1 OPTIONS http://localhost:5008/api/v1/workouts - null null
[2026-06-07 22:46:09 INF] Microsoft.AspNetCore.Hosting.Diagnostics: Request finished HTTP/1.1 OPTIONS http://localhost:5008/api/v1/reports - 204 null null 2.767ms
[2026-06-07 22:46:09 INF] Microsoft.AspNetCore.Cors.Infrastructure.CorsService: CORS policy execution successful.
[2026-06-07 22:46:09 INF] Microsoft.AspNetCore.Cors.Infrastructure.CorsService: CORS policy execution successful.
[2026-06-07 22:46:09 INF] Serilog.AspNetCore.RequestLoggingMiddleware: HTTP OPTIONS /api/v1/workouts responded 204 in 0.5747ms
[2026-06-07 22:46:09 INF] Serilog.AspNetCore.RequestLoggingMiddleware: HTTP OPTIONS /api/v1/exercises responded 204 in 2.0991ms
[2026-06-07 22:46:09 INF] Microsoft.AspNetCore.Hosting.Diagnostics: Request finished HTTP/1.1 OPTIONS http://localhost:5008/api/v1/workouts - 204 null null 3.6335ms
[2026-06-07 22:46:09 INF] Microsoft.AspNetCore.Hosting.Diagnostics: Request finished HTTP/1.1 OPTIONS http://localhost:5008/api/v1/exercises - 204 null null 2.4811ms
[2026-06-07 22:46:09 INF] Microsoft.AspNetCore.Hosting.Diagnostics: Request starting HTTP/1.1 GET http://localhost:5008/api/v1/reports - null null
[2026-06-07 22:46:09 INF] Microsoft.AspNetCore.Hosting.Diagnostics: Request starting HTTP/1.1 GET http://localhost:5008/api/v1/exercises - null null
[2026-06-07 22:46:09 INF] Microsoft.AspNetCore.Cors.Infrastructure.CorsService: CORS policy execution successful.
[2026-06-07 22:46:09 INF] Microsoft.AspNetCore.Cors.Infrastructure.CorsService: CORS policy execution successful.
[2026-06-07 22:46:09 INF] Microsoft.AspNetCore.Hosting.Diagnostics: Request starting HTTP/1.1 GET http://localhost:5008/api/v1/workouts - null null
[2026-06-07 22:46:09 INF] Microsoft.AspNetCore.Cors.Infrastructure.CorsService: CORS policy execution successful.
[2026-06-07 22:46:09 INF] Microsoft.AspNetCore.Routing.EndpointMiddleware: Executing endpoint 'WorkoutAPI.Controllers.WorkoutPlanController.Get (WorkoutApi)'
[2026-06-07 22:46:09 INF] Microsoft.AspNetCore.Routing.EndpointMiddleware: Executing endpoint 'WorkoutAPI.Controllers.ExerciseController.Get (WorkoutApi)'
[2026-06-07 22:46:09 INF] Microsoft.AspNetCore.Routing.EndpointMiddleware: Executing endpoint 'WorkoutAPI.Controllers.ScheduleController.Get (WorkoutApi)'
[2026-06-07 22:46:09 INF] Microsoft.AspNetCore.Routing.EndpointMiddleware: Executing endpoint 'WorkoutAPI.Controllers.ReportController.Get (WorkoutApi)'
[2026-06-07 22:46:09 INF] Microsoft.AspNetCore.Mvc.Infrastructure.ControllerActionInvoker: Route matched with {action = "Get", controller = "WorkoutPlan"}. Executing controller action with signature System.Threading.Tasks.Task`1[Microsoft.AspNetCore.Mvc.ActionResult`1[WorkoutAPI.Common.ApiResponse`1[System.Collections.Generic.IEnumerable`1[Workout.Application.Common.Dto.WorkoutPlanResponseDto]]]] Get() on controller WorkoutAPI.Controllers.WorkoutPlanController (WorkoutApi).
[2026-06-07 22:46:09 INF] Microsoft.AspNetCore.Mvc.Infrastructure.ControllerActionInvoker: Route matched with {action = "Get", controller = "Report"}. Executing controller action with signature System.Threading.Tasks.Task`1[Microsoft.AspNetCore.Mvc.ActionResult`1[WorkoutAPI.Common.ApiResponse`1[Workout.Application.Common.Dto.WorkoutReportDto]]] Get() on controller WorkoutAPI.Controllers.ReportController (WorkoutApi).
[2026-06-07 22:46:09 INF] Microsoft.AspNetCore.Mvc.Infrastructure.ControllerActionInvoker: Route matched with {action = "Get", controller = "Schedule"}. Executing controller action with signature System.Threading.Tasks.Task`1[Microsoft.AspNetCore.Mvc.ActionResult`1[WorkoutAPI.Common.ApiResponse`1[System.Collections.Generic.IEnumerable`1[Workout.Application.Common.Dto.ScheduleWorkoutDto]]]] Get() on controller WorkoutAPI.Controllers.ScheduleController (WorkoutApi).
[2026-06-07 22:46:09 INF] Microsoft.AspNetCore.Mvc.Infrastructure.ControllerActionInvoker: Route matched with {action = "Get", controller = "Exercise"}. Executing controller action with signature System.Threading.Tasks.Task`1[Microsoft.AspNetCore.Mvc.ActionResult`1[WorkoutAPI.Common.ApiResponse`1[System.Collections.Generic.IEnumerable`1[Workout.Domain.Entities.Exercise]]]] Get() on controller WorkoutAPI.Controllers.ExerciseController (WorkoutApi).
[2026-06-07 22:46:09 INF] Microsoft.AspNetCore.Mvc.Infrastructure.ObjectResultExecutor: Executing OkObjectResult, writing value of type 'WorkoutAPI.Common.ApiResponse`1[[System.Collections.Generic.IEnumerable`1[[Workout.Domain.Entities.Exercise, Workout.Domain, Version=1.0.0.0, Culture=neutral, PublicKeyToken=null]], System.Private.CoreLib, Version=8.0.0.0, Culture=neutral, PublicKeyToken=7cec85d7bea7798e]]'.
[2026-06-07 22:46:09 INF] Microsoft.AspNetCore.Mvc.Infrastructure.ControllerActionInvoker: Executed action WorkoutAPI.Controllers.ExerciseController.Get (WorkoutApi) in 302.79ms
[2026-06-07 22:46:09 INF] Microsoft.AspNetCore.Routing.EndpointMiddleware: Executed endpoint 'WorkoutAPI.Controllers.ExerciseController.Get (WorkoutApi)'
[2026-06-07 22:46:09 INF] Serilog.AspNetCore.RequestLoggingMiddleware: HTTP GET /api/v1/exercises responded 200 in 458.3668ms
[2026-06-07 22:46:09 INF] Microsoft.AspNetCore.Hosting.Diagnostics: Request finished HTTP/1.1 GET http://localhost:5008/api/v1/exercises - 200 null application/json; charset=utf-8 459.5456ms
[2026-06-07 22:46:09 INF] Microsoft.AspNetCore.Mvc.Infrastructure.ObjectResultExecutor: Executing OkObjectResult, writing value of type 'WorkoutAPI.Common.ApiResponse`1[[System.Collections.Generic.IEnumerable`1[[Workout.Application.Common.Dto.WorkoutPlanResponseDto, Workout.Application, Version=1.0.0.0, Culture=neutral, PublicKeyToken=null]], System.Private.CoreLib, Version=8.0.0.0, Culture=neutral, PublicKeyToken=7cec85d7bea7798e]]'.
[2026-06-07 22:46:09 INF] Microsoft.AspNetCore.Mvc.Infrastructure.ObjectResultExecutor: Executing OkObjectResult, writing value of type 'WorkoutAPI.Common.ApiResponse`1[[System.Collections.Generic.IEnumerable`1[[Workout.Application.Common.Dto.ScheduleWorkoutDto, Workout.Application, Version=1.0.0.0, Culture=neutral, PublicKeyToken=null]], System.Private.CoreLib, Version=8.0.0.0, Culture=neutral, PublicKeyToken=7cec85d7bea7798e]]'.
[2026-06-07 22:46:09 INF] Microsoft.AspNetCore.Mvc.Infrastructure.ControllerActionInvoker: Executed action WorkoutAPI.Controllers.WorkoutPlanController.Get (WorkoutApi) in 399.6633ms
[2026-06-07 22:46:09 INF] Microsoft.AspNetCore.Routing.EndpointMiddleware: Executed endpoint 'WorkoutAPI.Controllers.WorkoutPlanController.Get (WorkoutApi)'
[2026-06-07 22:46:09 INF] Serilog.AspNetCore.RequestLoggingMiddleware: HTTP GET /api/v1/workouts responded 200 in 560.1871ms
[2026-06-07 22:46:09 INF] Microsoft.AspNetCore.Hosting.Diagnostics: Request finished HTTP/1.1 GET http://localhost:5008/api/v1/workouts - 200 null application/json; charset=utf-8 560.9933ms
[2026-06-07 22:46:09 INF] Microsoft.AspNetCore.Mvc.Infrastructure.ControllerActionInvoker: Executed action WorkoutAPI.Controllers.ScheduleController.Get (WorkoutApi) in 415.0868ms
[2026-06-07 22:46:09 INF] Microsoft.AspNetCore.Routing.EndpointMiddleware: Executed endpoint 'WorkoutAPI.Controllers.ScheduleController.Get (WorkoutApi)'
[2026-06-07 22:46:09 INF] Serilog.AspNetCore.RequestLoggingMiddleware: HTTP GET /api/v1/workout-schedules responded 200 in 575.5634ms
[2026-06-07 22:46:09 INF] Microsoft.AspNetCore.Hosting.Diagnostics: Request finished HTTP/1.1 GET http://localhost:5008/api/v1/workout-schedules - 200 null application/json; charset=utf-8 578.6477ms
[2026-06-07 22:46:10 INF] Microsoft.AspNetCore.Mvc.Infrastructure.ObjectResultExecutor: Executing OkObjectResult, writing value of type 'WorkoutAPI.Common.ApiResponse`1[[Workout.Application.Common.Dto.WorkoutReportDto, Workout.Application, Version=1.0.0.0, Culture=neutral, PublicKeyToken=null]]'.
[2026-06-07 22:46:10 INF] Microsoft.AspNetCore.Mvc.Infrastructure.ControllerActionInvoker: Executed action WorkoutAPI.Controllers.ReportController.Get (WorkoutApi) in 546.149ms
[2026-06-07 22:46:10 INF] Microsoft.AspNetCore.Routing.EndpointMiddleware: Executed endpoint 'WorkoutAPI.Controllers.ReportController.Get (WorkoutApi)'
[2026-06-07 22:46:10 INF] Serilog.AspNetCore.RequestLoggingMiddleware: HTTP GET /api/v1/reports responded 200 in 697.6070ms
[2026-06-07 22:46:10 INF] Microsoft.AspNetCore.Hosting.Diagnostics: Request finished HTTP/1.1 GET http://localhost:5008/api/v1/reports - 200 null application/json; charset=utf-8 703.3899ms
[2026-06-07 22:46:38 INF] Microsoft.AspNetCore.Hosting.Diagnostics: Request starting HTTP/1.1 OPTIONS http://localhost:5008/api/v1/auth/login - null null
[2026-06-07 22:46:38 INF] Microsoft.AspNetCore.Cors.Infrastructure.CorsService: CORS policy execution successful.
[2026-06-07 22:46:38 INF] Serilog.AspNetCore.RequestLoggingMiddleware: HTTP OPTIONS /api/v1/auth/login responded 204 in 0.9539ms
[2026-06-07 22:46:38 INF] Microsoft.AspNetCore.Hosting.Diagnostics: Request finished HTTP/1.1 OPTIONS http://localhost:5008/api/v1/auth/login - 204 null null 3.5322ms
[2026-06-07 22:46:38 INF] Microsoft.AspNetCore.Hosting.Diagnostics: Request starting HTTP/1.1 POST http://localhost:5008/api/v1/auth/login - application/json 58
[2026-06-07 22:46:38 INF] Microsoft.AspNetCore.Cors.Infrastructure.CorsService: CORS policy execution successful.
[2026-06-07 22:46:38 INF] Microsoft.AspNetCore.Routing.EndpointMiddleware: Executing endpoint 'WorkoutAPI.Controllers.AuthController.Login (WorkoutApi)'
[2026-06-07 22:46:38 INF] Microsoft.AspNetCore.Mvc.Infrastructure.ControllerActionInvoker: Route matched with {action = "Login", controller = "Auth"}. Executing controller action with signature System.Threading.Tasks.Task`1[Microsoft.AspNetCore.Mvc.ActionResult`1[WorkoutAPI.Common.ApiResponse`1[Workout.Application.Common.Dto.LoginResponseDto]]] Login(Workout.Application.Common.Dto.LoginRequestDto) on controller WorkoutAPI.Controllers.AuthController (WorkoutApi).
[2026-06-07 22:46:38 INF] Microsoft.AspNetCore.Mvc.Infrastructure.ObjectResultExecutor: Executing OkObjectResult, writing value of type 'WorkoutAPI.Common.ApiResponse`1[[Workout.Application.Common.Dto.LoginResponseDto, Workout.Application, Version=1.0.0.0, Culture=neutral, PublicKeyToken=null]]'.
[2026-06-07 22:46:38 INF] Microsoft.AspNetCore.Mvc.Infrastructure.ControllerActionInvoker: Executed action WorkoutAPI.Controllers.AuthController.Login (WorkoutApi) in 191.3194ms
[2026-06-07 22:46:38 INF] Microsoft.AspNetCore.Routing.EndpointMiddleware: Executed endpoint 'WorkoutAPI.Controllers.AuthController.Login (WorkoutApi)'
[2026-06-07 22:46:38 INF] Serilog.AspNetCore.RequestLoggingMiddleware: HTTP POST /api/v1/auth/login responded 200 in 194.1378ms
[2026-06-07 22:46:38 INF] Microsoft.AspNetCore.Hosting.Diagnostics: Request finished HTTP/1.1 POST http://localhost:5008/api/v1/auth/login - 200 null application/json; charset=utf-8 196.1509ms
[2026-06-07 22:46:38 INF] Microsoft.AspNetCore.Hosting.Diagnostics: Request starting HTTP/1.1 OPTIONS http://localhost:5008/api/v1/workout-schedules - null null
[2026-06-07 22:46:38 INF] Microsoft.AspNetCore.Cors.Infrastructure.CorsService: CORS policy execution successful.
[2026-06-07 22:46:38 INF] Serilog.AspNetCore.RequestLoggingMiddleware: HTTP OPTIONS /api/v1/workout-schedules responded 204 in 0.2607ms
[2026-06-07 22:46:38 INF] Microsoft.AspNetCore.Hosting.Diagnostics: Request starting HTTP/1.1 OPTIONS http://localhost:5008/api/v1/reports - null null
[2026-06-07 22:46:38 INF] Microsoft.AspNetCore.Hosting.Diagnostics: Request finished HTTP/1.1 OPTIONS http://localhost:5008/api/v1/workout-schedules - 204 null null 1.2139ms
[2026-06-07 22:46:38 INF] Microsoft.AspNetCore.Hosting.Diagnostics: Request starting HTTP/1.1 OPTIONS http://localhost:5008/api/v1/exercises - null null
[2026-06-07 22:46:38 INF] Microsoft.AspNetCore.Cors.Infrastructure.CorsService: CORS policy execution successful.
[2026-06-07 22:46:38 INF] Serilog.AspNetCore.RequestLoggingMiddleware: HTTP OPTIONS /api/v1/exercises responded 204 in 0.4444ms
[2026-06-07 22:46:38 INF] Microsoft.AspNetCore.Cors.Infrastructure.CorsService: CORS policy execution successful.
[2026-06-07 22:46:38 INF] Serilog.AspNetCore.RequestLoggingMiddleware: HTTP OPTIONS /api/v1/reports responded 204 in 5.6261ms
[2026-06-07 22:46:38 INF] Microsoft.AspNetCore.Hosting.Diagnostics: Request finished HTTP/1.1 OPTIONS http://localhost:5008/api/v1/reports - 204 null null 11.7209ms
[2026-06-07 22:46:38 INF] Microsoft.AspNetCore.Hosting.Diagnostics: Request finished HTTP/1.1 OPTIONS http://localhost:5008/api/v1/exercises - 204 null null 1.095ms
[2026-06-07 22:46:38 INF] Microsoft.AspNetCore.Hosting.Diagnostics: Request starting HTTP/1.1 OPTIONS http://localhost:5008/api/v1/workouts - null null
[2026-06-07 22:46:38 INF] Microsoft.AspNetCore.Cors.Infrastructure.CorsService: CORS policy execution successful.
[2026-06-07 22:46:38 INF] Serilog.AspNetCore.RequestLoggingMiddleware: HTTP OPTIONS /api/v1/workouts responded 204 in 0.7100ms
[2026-06-07 22:46:38 INF] Microsoft.AspNetCore.Hosting.Diagnostics: Request finished HTTP/1.1 OPTIONS http://localhost:5008/api/v1/workouts - 204 null null 1.6223ms
[2026-06-07 22:46:38 INF] Microsoft.AspNetCore.Hosting.Diagnostics: Request starting HTTP/1.1 GET http://localhost:5008/api/v1/workout-schedules - null null
[2026-06-07 22:46:38 INF] Microsoft.AspNetCore.Hosting.Diagnostics: Request starting HTTP/1.1 GET http://localhost:5008/api/v1/exercises - null null
[2026-06-07 22:46:38 INF] Microsoft.AspNetCore.Hosting.Diagnostics: Request starting HTTP/1.1 GET http://localhost:5008/api/v1/workouts - null null
[2026-06-07 22:46:38 INF] Microsoft.AspNetCore.Cors.Infrastructure.CorsService: CORS policy execution successful.
[2026-06-07 22:46:38 INF] Microsoft.AspNetCore.Cors.Infrastructure.CorsService: CORS policy execution successful.
[2026-06-07 22:46:38 INF] Microsoft.AspNetCore.Hosting.Diagnostics: Request starting HTTP/1.1 GET http://localhost:5008/api/v1/reports - null null
[2026-06-07 22:46:38 INF] Microsoft.AspNetCore.Cors.Infrastructure.CorsService: CORS policy execution successful.
[2026-06-07 22:46:38 INF] Microsoft.AspNetCore.Cors.Infrastructure.CorsService: CORS policy execution successful.
[2026-06-07 22:46:38 INF] Microsoft.AspNetCore.Routing.EndpointMiddleware: Executing endpoint 'WorkoutAPI.Controllers.ScheduleController.Get (WorkoutApi)'
[2026-06-07 22:46:38 INF] Microsoft.AspNetCore.Routing.EndpointMiddleware: Executing endpoint 'WorkoutAPI.Controllers.WorkoutPlanController.Get (WorkoutApi)'
[2026-06-07 22:46:38 INF] Microsoft.AspNetCore.Mvc.Infrastructure.ControllerActionInvoker: Route matched with {action = "Get", controller = "Schedule"}. Executing controller action with signature System.Threading.Tasks.Task`1[Microsoft.AspNetCore.Mvc.ActionResult`1[WorkoutAPI.Common.ApiResponse`1[System.Collections.Generic.IEnumerable`1[Workout.Application.Common.Dto.ScheduleWorkoutDto]]]] Get() on controller WorkoutAPI.Controllers.ScheduleController (WorkoutApi).
[2026-06-07 22:46:38 INF] Microsoft.AspNetCore.Routing.EndpointMiddleware: Executing endpoint 'WorkoutAPI.Controllers.ReportController.Get (WorkoutApi)'
[2026-06-07 22:46:38 INF] Microsoft.AspNetCore.Mvc.Infrastructure.ControllerActionInvoker: Route matched with {action = "Get", controller = "Report"}. Executing controller action with signature System.Threading.Tasks.Task`1[Microsoft.AspNetCore.Mvc.ActionResult`1[WorkoutAPI.Common.ApiResponse`1[Workout.Application.Common.Dto.WorkoutReportDto]]] Get() on controller WorkoutAPI.Controllers.ReportController (WorkoutApi).
[2026-06-07 22:46:38 INF] Microsoft.AspNetCore.Mvc.Infrastructure.ControllerActionInvoker: Route matched with {action = "Get", controller = "WorkoutPlan"}. Executing controller action with signature System.Threading.Tasks.Task`1[Microsoft.AspNetCore.Mvc.ActionResult`1[WorkoutAPI.Common.ApiResponse`1[System.Collections.Generic.IEnumerable`1[Workout.Application.Common.Dto.WorkoutPlanResponseDto]]]] Get() on controller WorkoutAPI.Controllers.WorkoutPlanController (WorkoutApi).
[2026-06-07 22:46:38 INF] Microsoft.AspNetCore.Routing.EndpointMiddleware: Executing endpoint 'WorkoutAPI.Controllers.ExerciseController.Get (WorkoutApi)'
[2026-06-07 22:46:38 INF] Microsoft.AspNetCore.Mvc.Infrastructure.ControllerActionInvoker: Route matched with {action = "Get", controller = "Exercise"}. Executing controller action with signature System.Threading.Tasks.Task`1[Microsoft.AspNetCore.Mvc.ActionResult`1[WorkoutAPI.Common.ApiResponse`1[System.Collections.Generic.IEnumerable`1[Workout.Domain.Entities.Exercise]]]] Get() on controller WorkoutAPI.Controllers.ExerciseController (WorkoutApi).
[2026-06-07 22:46:38 INF] Microsoft.AspNetCore.Mvc.Infrastructure.ObjectResultExecutor: Executing OkObjectResult, writing value of type 'WorkoutAPI.Common.ApiResponse`1[[System.Collections.Generic.IEnumerable`1[[Workout.Domain.Entities.Exercise, Workout.Domain, Version=1.0.0.0, Culture=neutral, PublicKeyToken=null]], System.Private.CoreLib, Version=8.0.0.0, Culture=neutral, PublicKeyToken=7cec85d7bea7798e]]'.
[2026-06-07 22:46:38 INF] Microsoft.AspNetCore.Mvc.Infrastructure.ControllerActionInvoker: Executed action WorkoutAPI.Controllers.ExerciseController.Get (WorkoutApi) in 25.229ms
[2026-06-07 22:46:38 INF] Microsoft.AspNetCore.Routing.EndpointMiddleware: Executed endpoint 'WorkoutAPI.Controllers.ExerciseController.Get (WorkoutApi)'
[2026-06-07 22:46:38 INF] Serilog.AspNetCore.RequestLoggingMiddleware: HTTP GET /api/v1/exercises responded 200 in 42.8508ms
[2026-06-07 22:46:38 INF] Microsoft.AspNetCore.Hosting.Diagnostics: Request finished HTTP/1.1 GET http://localhost:5008/api/v1/exercises - 200 null application/json; charset=utf-8 54.2902ms
[2026-06-07 22:46:38 INF] Microsoft.AspNetCore.Mvc.Infrastructure.ObjectResultExecutor: Executing OkObjectResult, writing value of type 'WorkoutAPI.Common.ApiResponse`1[[System.Collections.Generic.IEnumerable`1[[Workout.Application.Common.Dto.ScheduleWorkoutDto, Workout.Application, Version=1.0.0.0, Culture=neutral, PublicKeyToken=null]], System.Private.CoreLib, Version=8.0.0.0, Culture=neutral, PublicKeyToken=7cec85d7bea7798e]]'.
[2026-06-07 22:46:38 INF] Microsoft.AspNetCore.Mvc.Infrastructure.ControllerActionInvoker: Executed action WorkoutAPI.Controllers.ScheduleController.Get (WorkoutApi) in 72.8258ms
[2026-06-07 22:46:38 INF] Microsoft.AspNetCore.Routing.EndpointMiddleware: Executed endpoint 'WorkoutAPI.Controllers.ScheduleController.Get (WorkoutApi)'
[2026-06-07 22:46:38 INF] Serilog.AspNetCore.RequestLoggingMiddleware: HTTP GET /api/v1/workout-schedules responded 200 in 76.9663ms
[2026-06-07 22:46:38 INF] Microsoft.AspNetCore.Hosting.Diagnostics: Request finished HTTP/1.1 GET http://localhost:5008/api/v1/workout-schedules - 200 null application/json; charset=utf-8 79.9931ms
[2026-06-07 22:46:38 INF] Microsoft.AspNetCore.Mvc.Infrastructure.ObjectResultExecutor: Executing OkObjectResult, writing value of type 'WorkoutAPI.Common.ApiResponse`1[[System.Collections.Generic.IEnumerable`1[[Workout.Application.Common.Dto.WorkoutPlanResponseDto, Workout.Application, Version=1.0.0.0, Culture=neutral, PublicKeyToken=null]], System.Private.CoreLib, Version=8.0.0.0, Culture=neutral, PublicKeyToken=7cec85d7bea7798e]]'.
[2026-06-07 22:46:38 INF] Microsoft.AspNetCore.Mvc.Infrastructure.ControllerActionInvoker: Executed action WorkoutAPI.Controllers.WorkoutPlanController.Get (WorkoutApi) in 105.1897ms
[2026-06-07 22:46:38 INF] Microsoft.AspNetCore.Routing.EndpointMiddleware: Executed endpoint 'WorkoutAPI.Controllers.WorkoutPlanController.Get (WorkoutApi)'
[2026-06-07 22:46:38 INF] Serilog.AspNetCore.RequestLoggingMiddleware: HTTP GET /api/v1/workouts responded 200 in 109.7931ms
[2026-06-07 22:46:38 INF] Microsoft.AspNetCore.Hosting.Diagnostics: Request finished HTTP/1.1 GET http://localhost:5008/api/v1/workouts - 200 null application/json; charset=utf-8 110.8566ms
[2026-06-07 22:46:38 INF] Microsoft.AspNetCore.Mvc.Infrastructure.ObjectResultExecutor: Executing OkObjectResult, writing value of type 'WorkoutAPI.Common.ApiResponse`1[[Workout.Application.Common.Dto.WorkoutReportDto, Workout.Application, Version=1.0.0.0, Culture=neutral, PublicKeyToken=null]]'.
[2026-06-07 22:46:38 INF] Microsoft.AspNetCore.Mvc.Infrastructure.ControllerActionInvoker: Executed action WorkoutAPI.Controllers.ReportController.Get (WorkoutApi) in 163.2392ms
[2026-06-07 22:46:38 INF] Microsoft.AspNetCore.Routing.EndpointMiddleware: Executed endpoint 'WorkoutAPI.Controllers.ReportController.Get (WorkoutApi)'
[2026-06-07 22:46:38 INF] Serilog.AspNetCore.RequestLoggingMiddleware: HTTP GET /api/v1/reports responded 200 in 166.2644ms
[2026-06-07 22:46:38 INF] Microsoft.AspNetCore.Hosting.Diagnostics: Request finished HTTP/1.1 GET http://localhost:5008/api/v1/reports - 200 null application/json; charset=utf-8 166.9861ms
[2026-06-07 22:46:41 INF] Microsoft.AspNetCore.Hosting.Diagnostics: Request starting HTTP/1.1 OPTIONS http://localhost:5008/api/v1/workouts - null null
[2026-06-07 22:46:41 INF] Microsoft.AspNetCore.Cors.Infrastructure.CorsService: CORS policy execution successful.
[2026-06-07 22:46:41 INF] Serilog.AspNetCore.RequestLoggingMiddleware: HTTP OPTIONS /api/v1/workouts responded 204 in 3.5674ms
[2026-06-07 22:46:41 INF] Microsoft.AspNetCore.Hosting.Diagnostics: Request finished HTTP/1.1 OPTIONS http://localhost:5008/api/v1/workouts - 204 null null 5.7596ms
[2026-06-07 22:46:41 INF] Microsoft.AspNetCore.Hosting.Diagnostics: Request starting HTTP/1.1 POST http://localhost:5008/api/v1/workouts - application/json 115
[2026-06-07 22:46:41 INF] Microsoft.AspNetCore.Cors.Infrastructure.CorsService: CORS policy execution successful.
[2026-06-07 22:46:41 INF] Microsoft.AspNetCore.Routing.EndpointMiddleware: Executing endpoint 'WorkoutAPI.Controllers.WorkoutPlanController.Post (WorkoutApi)'
[2026-06-07 22:46:41 INF] Microsoft.AspNetCore.Mvc.Infrastructure.ControllerActionInvoker: Route matched with {action = "Post", controller = "WorkoutPlan"}. Executing controller action with signature System.Threading.Tasks.Task`1[Microsoft.AspNetCore.Mvc.ActionResult`1[WorkoutAPI.Common.ApiResponse`1[Workout.Application.Common.Dto.WorkoutPlanDto]]] Post(Workout.Application.Common.Dto.WorkoutPlanDto) on controller WorkoutAPI.Controllers.WorkoutPlanController (WorkoutApi).
[2026-06-07 22:46:42 INF] Microsoft.AspNetCore.Mvc.Infrastructure.ObjectResultExecutor: Executing OkObjectResult, writing value of type 'WorkoutAPI.Common.ApiResponse`1[[Workout.Application.Common.Dto.WorkoutPlanDto, Workout.Application, Version=1.0.0.0, Culture=neutral, PublicKeyToken=null]]'.
[2026-06-07 22:46:42 INF] Microsoft.AspNetCore.Mvc.Infrastructure.ControllerActionInvoker: Executed action WorkoutAPI.Controllers.WorkoutPlanController.Post (WorkoutApi) in 570.5072ms
[2026-06-07 22:46:42 INF] Microsoft.AspNetCore.Routing.EndpointMiddleware: Executed endpoint 'WorkoutAPI.Controllers.WorkoutPlanController.Post (WorkoutApi)'
[2026-06-07 22:46:42 INF] Serilog.AspNetCore.RequestLoggingMiddleware: HTTP POST /api/v1/workouts responded 200 in 595.8623ms
[2026-06-07 22:46:42 INF] Microsoft.AspNetCore.Hosting.Diagnostics: Request finished HTTP/1.1 POST http://localhost:5008/api/v1/workouts - 200 null application/json; charset=utf-8 599.2793ms
[2026-06-07 22:46:42 INF] Microsoft.AspNetCore.Hosting.Diagnostics: Request starting HTTP/1.1 OPTIONS http://localhost:5008/api/v1/workout-exercises - null null
[2026-06-07 22:46:42 INF] Microsoft.AspNetCore.Cors.Infrastructure.CorsService: CORS policy execution successful.
[2026-06-07 22:46:42 INF] Serilog.AspNetCore.RequestLoggingMiddleware: HTTP OPTIONS /api/v1/workout-exercises responded 204 in 5.5172ms
[2026-06-07 22:46:42 INF] Microsoft.AspNetCore.Hosting.Diagnostics: Request finished HTTP/1.1 OPTIONS http://localhost:5008/api/v1/workout-exercises - 204 null null 6.9336ms
[2026-06-07 22:46:42 INF] Microsoft.AspNetCore.Hosting.Diagnostics: Request starting HTTP/1.1 POST http://localhost:5008/api/v1/workout-exercises - application/json 105
[2026-06-07 22:46:42 INF] Microsoft.AspNetCore.Cors.Infrastructure.CorsService: CORS policy execution successful.
[2026-06-07 22:46:42 INF] Microsoft.AspNetCore.Routing.EndpointMiddleware: Executing endpoint 'WorkoutAPI.Controllers.WorkoutExerciseController.Post (WorkoutApi)'
[2026-06-07 22:46:42 INF] Microsoft.AspNetCore.Mvc.Infrastructure.ControllerActionInvoker: Route matched with {action = "Post", controller = "WorkoutExercise"}. Executing controller action with signature System.Threading.Tasks.Task`1[Microsoft.AspNetCore.Mvc.ActionResult`1[WorkoutAPI.Common.ApiResponse`1[System.String]]] Post(Workout.Application.Common.Dto.WorkoutExerciseDto) on controller WorkoutAPI.Controllers.WorkoutExerciseController (WorkoutApi).
[2026-06-07 22:46:42 INF] Microsoft.AspNetCore.Mvc.Infrastructure.ObjectResultExecutor: Executing OkObjectResult, writing value of type 'WorkoutAPI.Common.ApiResponse`1[[System.String, System.Private.CoreLib, Version=8.0.0.0, Culture=neutral, PublicKeyToken=7cec85d7bea7798e]]'.
[2026-06-07 22:46:42 INF] Microsoft.AspNetCore.Mvc.Infrastructure.ControllerActionInvoker: Executed action WorkoutAPI.Controllers.WorkoutExerciseController.Post (WorkoutApi) in 419.4306ms
[2026-06-07 22:46:42 INF] Microsoft.AspNetCore.Routing.EndpointMiddleware: Executed endpoint 'WorkoutAPI.Controllers.WorkoutExerciseController.Post (WorkoutApi)'
[2026-06-07 22:46:42 INF] Serilog.AspNetCore.RequestLoggingMiddleware: HTTP POST /api/v1/workout-exercises responded 200 in 466.8556ms
[2026-06-07 22:46:42 INF] Microsoft.AspNetCore.Hosting.Diagnostics: Request finished HTTP/1.1 POST http://localhost:5008/api/v1/workout-exercises - 200 null application/json; charset=utf-8 470.4088ms
[2026-06-07 22:46:42 INF] Microsoft.AspNetCore.Hosting.Diagnostics: Request starting HTTP/1.1 POST http://localhost:5008/api/v1/workout-exercises - application/json 105
[2026-06-07 22:46:42 INF] Microsoft.AspNetCore.Cors.Infrastructure.CorsService: CORS policy execution successful.
[2026-06-07 22:46:42 INF] Microsoft.AspNetCore.Routing.EndpointMiddleware: Executing endpoint 'WorkoutAPI.Controllers.WorkoutExerciseController.Post (WorkoutApi)'
[2026-06-07 22:46:42 INF] Microsoft.AspNetCore.Mvc.Infrastructure.ControllerActionInvoker: Route matched with {action = "Post", controller = "WorkoutExercise"}. Executing controller action with signature System.Threading.Tasks.Task`1[Microsoft.AspNetCore.Mvc.ActionResult`1[WorkoutAPI.Common.ApiResponse`1[System.String]]] Post(Workout.Application.Common.Dto.WorkoutExerciseDto) on controller WorkoutAPI.Controllers.WorkoutExerciseController (WorkoutApi).
[2026-06-07 22:46:42 INF] Microsoft.AspNetCore.Mvc.Infrastructure.ObjectResultExecutor: Executing OkObjectResult, writing value of type 'WorkoutAPI.Common.ApiResponse`1[[System.String, System.Private.CoreLib, Version=8.0.0.0, Culture=neutral, PublicKeyToken=7cec85d7bea7798e]]'.
[2026-06-07 22:46:42 INF] Microsoft.AspNetCore.Mvc.Infrastructure.ControllerActionInvoker: Executed action WorkoutAPI.Controllers.WorkoutExerciseController.Post (WorkoutApi) in 42.2483ms
[2026-06-07 22:46:42 INF] Microsoft.AspNetCore.Routing.EndpointMiddleware: Executed endpoint 'WorkoutAPI.Controllers.WorkoutExerciseController.Post (WorkoutApi)'
[2026-06-07 22:46:42 INF] Serilog.AspNetCore.RequestLoggingMiddleware: HTTP POST /api/v1/workout-exercises responded 200 in 45.7592ms
[2026-06-07 22:46:42 INF] Microsoft.AspNetCore.Hosting.Diagnostics: Request finished HTTP/1.1 POST http://localhost:5008/api/v1/workout-exercises - 200 null application/json; charset=utf-8 55.109ms
[2026-06-07 22:46:42 INF] Microsoft.AspNetCore.Hosting.Diagnostics: Request starting HTTP/1.1 POST http://localhost:5008/api/v1/workout-exercises - application/json 105
[2026-06-07 22:46:42 INF] Microsoft.AspNetCore.Cors.Infrastructure.CorsService: CORS policy execution successful.
[2026-06-07 22:46:42 INF] Microsoft.AspNetCore.Routing.EndpointMiddleware: Executing endpoint 'WorkoutAPI.Controllers.WorkoutExerciseController.Post (WorkoutApi)'
[2026-06-07 22:46:42 INF] Microsoft.AspNetCore.Mvc.Infrastructure.ControllerActionInvoker: Route matched with {action = "Post", controller = "WorkoutExercise"}. Executing controller action with signature System.Threading.Tasks.Task`1[Microsoft.AspNetCore.Mvc.ActionResult`1[WorkoutAPI.Common.ApiResponse`1[System.String]]] Post(Workout.Application.Common.Dto.WorkoutExerciseDto) on controller WorkoutAPI.Controllers.WorkoutExerciseController (WorkoutApi).
[2026-06-07 22:46:42 INF] Microsoft.AspNetCore.Mvc.Infrastructure.ObjectResultExecutor: Executing OkObjectResult, writing value of type 'WorkoutAPI.Common.ApiResponse`1[[System.String, System.Private.CoreLib, Version=8.0.0.0, Culture=neutral, PublicKeyToken=7cec85d7bea7798e]]'.
[2026-06-07 22:46:42 INF] Microsoft.AspNetCore.Mvc.Infrastructure.ControllerActionInvoker: Executed action WorkoutAPI.Controllers.WorkoutExerciseController.Post (WorkoutApi) in 57.5016ms
[2026-06-07 22:46:42 INF] Microsoft.AspNetCore.Routing.EndpointMiddleware: Executed endpoint 'WorkoutAPI.Controllers.WorkoutExerciseController.Post (WorkoutApi)'
[2026-06-07 22:46:42 INF] Serilog.AspNetCore.RequestLoggingMiddleware: HTTP POST /api/v1/workout-exercises responded 200 in 68.8522ms
[2026-06-07 22:46:42 INF] Microsoft.AspNetCore.Hosting.Diagnostics: Request finished HTTP/1.1 POST http://localhost:5008/api/v1/workout-exercises - 200 null application/json; charset=utf-8 78.3662ms
[2026-06-07 22:46:42 INF] Microsoft.AspNetCore.Hosting.Diagnostics: Request starting HTTP/1.1 OPTIONS http://localhost:5008/api/v1/workouts/0d33d31a-761f-475c-a928-70b0c5b325d6 - null null
[2026-06-07 22:46:42 INF] Microsoft.AspNetCore.Cors.Infrastructure.CorsService: CORS policy execution successful.
[2026-06-07 22:46:42 INF] Serilog.AspNetCore.RequestLoggingMiddleware: HTTP OPTIONS /api/v1/workouts/0d33d31a-761f-475c-a928-70b0c5b325d6 responded 204 in 0.2383ms
[2026-06-07 22:46:42 INF] Microsoft.AspNetCore.Hosting.Diagnostics: Request finished HTTP/1.1 OPTIONS http://localhost:5008/api/v1/workouts/0d33d31a-761f-475c-a928-70b0c5b325d6 - 204 null null 1.3315ms
[2026-06-07 22:46:42 INF] Microsoft.AspNetCore.Hosting.Diagnostics: Request starting HTTP/1.1 OPTIONS http://localhost:5008/api/v1/workout-comments/0d33d31a-761f-475c-a928-70b0c5b325d6 - null null
[2026-06-07 22:46:42 INF] Microsoft.AspNetCore.Cors.Infrastructure.CorsService: CORS policy execution successful.
[2026-06-07 22:46:42 INF] Serilog.AspNetCore.RequestLoggingMiddleware: HTTP OPTIONS /api/v1/workout-comments/0d33d31a-761f-475c-a928-70b0c5b325d6 responded 204 in 0.1934ms
[2026-06-07 22:46:42 INF] Microsoft.AspNetCore.Hosting.Diagnostics: Request finished HTTP/1.1 OPTIONS http://localhost:5008/api/v1/workout-comments/0d33d31a-761f-475c-a928-70b0c5b325d6 - 204 null null 0.9272ms
[2026-06-07 22:46:42 INF] Microsoft.AspNetCore.Hosting.Diagnostics: Request starting HTTP/1.1 OPTIONS http://localhost:5008/api/v1/workout-schedules/workout/0d33d31a-761f-475c-a928-70b0c5b325d6 - null null
[2026-06-07 22:46:42 INF] Microsoft.AspNetCore.Hosting.Diagnostics: Request starting HTTP/1.1 OPTIONS http://localhost:5008/api/v1/workout-exercises/0d33d31a-761f-475c-a928-70b0c5b325d6 - null null
[2026-06-07 22:46:42 INF] Microsoft.AspNetCore.Cors.Infrastructure.CorsService: CORS policy execution successful.
[2026-06-07 22:46:42 INF] Serilog.AspNetCore.RequestLoggingMiddleware: HTTP OPTIONS /api/v1/workout-exercises/0d33d31a-761f-475c-a928-70b0c5b325d6 responded 204 in 0.2203ms
[2026-06-07 22:46:42 INF] Microsoft.AspNetCore.Hosting.Diagnostics: Request finished HTTP/1.1 OPTIONS http://localhost:5008/api/v1/workout-exercises/0d33d31a-761f-475c-a928-70b0c5b325d6 - 204 null null 15.0702ms
[2026-06-07 22:46:42 INF] Microsoft.AspNetCore.Hosting.Diagnostics: Request starting HTTP/1.1 GET http://localhost:5008/api/v1/workouts/0d33d31a-761f-475c-a928-70b0c5b325d6 - null null
[2026-06-07 22:46:42 INF] Microsoft.AspNetCore.Cors.Infrastructure.CorsService: CORS policy execution successful.
[2026-06-07 22:46:42 INF] Microsoft.AspNetCore.Cors.Infrastructure.CorsService: CORS policy execution successful.
[2026-06-07 22:46:42 INF] Serilog.AspNetCore.RequestLoggingMiddleware: HTTP OPTIONS /api/v1/workout-schedules/workout/0d33d31a-761f-475c-a928-70b0c5b325d6 responded 204 in 0.2283ms
[2026-06-07 22:46:42 INF] Microsoft.AspNetCore.Hosting.Diagnostics: Request finished HTTP/1.1 OPTIONS http://localhost:5008/api/v1/workout-schedules/workout/0d33d31a-761f-475c-a928-70b0c5b325d6 - 204 null null 17.7725ms
[2026-06-07 22:46:42 INF] Microsoft.AspNetCore.Hosting.Diagnostics: Request starting HTTP/1.1 GET http://localhost:5008/api/v1/workout-exercises/0d33d31a-761f-475c-a928-70b0c5b325d6 - null null
[2026-06-07 22:46:42 INF] Microsoft.AspNetCore.Cors.Infrastructure.CorsService: CORS policy execution successful.
[2026-06-07 22:46:42 INF] Microsoft.AspNetCore.Routing.EndpointMiddleware: Executing endpoint 'WorkoutAPI.Controllers.WorkoutExerciseController.Get (WorkoutApi)'
[2026-06-07 22:46:42 INF] Microsoft.AspNetCore.Hosting.Diagnostics: Request starting HTTP/1.1 GET http://localhost:5008/api/v1/workout-schedules/workout/0d33d31a-761f-475c-a928-70b0c5b325d6 - null null
[2026-06-07 22:46:42 INF] Microsoft.AspNetCore.Cors.Infrastructure.CorsService: CORS policy execution successful.
[2026-06-07 22:46:42 INF] Microsoft.AspNetCore.Routing.EndpointMiddleware: Executing endpoint 'WorkoutAPI.Controllers.ScheduleController.GetByWorkoutId (WorkoutApi)'
[2026-06-07 22:46:42 INF] Microsoft.AspNetCore.Routing.EndpointMiddleware: Executing endpoint 'WorkoutAPI.Controllers.WorkoutPlanController.Get (WorkoutApi)'
[2026-06-07 22:46:42 INF] Microsoft.AspNetCore.Hosting.Diagnostics: Request starting HTTP/1.1 GET http://localhost:5008/api/v1/workout-comments/0d33d31a-761f-475c-a928-70b0c5b325d6 - null null
[2026-06-07 22:46:42 INF] Microsoft.AspNetCore.Cors.Infrastructure.CorsService: CORS policy execution successful.
[2026-06-07 22:46:42 INF] Microsoft.AspNetCore.Routing.EndpointMiddleware: Executing endpoint 'WorkoutAPI.Controllers.WorkoutCommentsController.Get (WorkoutApi)'
[2026-06-07 22:46:42 INF] Microsoft.AspNetCore.Mvc.Infrastructure.ControllerActionInvoker: Route matched with {action = "GetByWorkoutId", controller = "Schedule"}. Executing controller action with signature System.Threading.Tasks.Task`1[Microsoft.AspNetCore.Mvc.ActionResult`1[WorkoutAPI.Common.ApiResponse`1[System.Collections.Generic.IEnumerable`1[Workout.Application.Common.Dto.ScheduleWorkoutDto]]]] GetByWorkoutId(System.Guid) on controller WorkoutAPI.Controllers.ScheduleController (WorkoutApi).
[2026-06-07 22:46:43 INF] Microsoft.AspNetCore.Mvc.Infrastructure.ControllerActionInvoker: Route matched with {action = "Get", controller = "WorkoutPlan"}. Executing controller action with signature System.Threading.Tasks.Task`1[Microsoft.AspNetCore.Mvc.ActionResult`1[WorkoutAPI.Common.ApiResponse`1[Workout.Application.Common.Dto.WorkoutPlanDto]]] Get(System.Guid) on controller WorkoutAPI.Controllers.WorkoutPlanController (WorkoutApi).
[2026-06-07 22:46:43 INF] Microsoft.AspNetCore.Mvc.Infrastructure.ControllerActionInvoker: Route matched with {action = "Get", controller = "WorkoutComments"}. Executing controller action with signature System.Threading.Tasks.Task`1[Microsoft.AspNetCore.Mvc.ActionResult`1[WorkoutAPI.Common.ApiResponse`1[System.Collections.Generic.IEnumerable`1[Workout.Application.Common.Dto.WorkoutCommentsDto]]]] Get(System.Guid) on controller WorkoutAPI.Controllers.WorkoutCommentsController (WorkoutApi).
[2026-06-07 22:46:43 INF] Microsoft.AspNetCore.Mvc.Infrastructure.ControllerActionInvoker: Route matched with {action = "Get", controller = "WorkoutExercise"}. Executing controller action with signature System.Threading.Tasks.Task`1[Microsoft.AspNetCore.Mvc.ActionResult`1[WorkoutAPI.Common.ApiResponse`1[System.Collections.Generic.IEnumerable`1[Workout.Application.Common.Dto.WorkoutExerciseDto]]]] Get(System.Guid) on controller WorkoutAPI.Controllers.WorkoutExerciseController (WorkoutApi).
[2026-06-07 22:46:43 INF] Microsoft.AspNetCore.Mvc.Infrastructure.ObjectResultExecutor: Executing OkObjectResult, writing value of type 'WorkoutAPI.Common.ApiResponse`1[[System.Collections.Generic.IEnumerable`1[[Workout.Application.Common.Dto.ScheduleWorkoutDto, Workout.Application, Version=1.0.0.0, Culture=neutral, PublicKeyToken=null]], System.Private.CoreLib, Version=8.0.0.0, Culture=neutral, PublicKeyToken=7cec85d7bea7798e]]'.
[2026-06-07 22:46:43 INF] Microsoft.AspNetCore.Mvc.Infrastructure.ControllerActionInvoker: Executed action WorkoutAPI.Controllers.ScheduleController.GetByWorkoutId (WorkoutApi) in 124.8179ms
[2026-06-07 22:46:43 INF] Microsoft.AspNetCore.Routing.EndpointMiddleware: Executed endpoint 'WorkoutAPI.Controllers.ScheduleController.GetByWorkoutId (WorkoutApi)'
[2026-06-07 22:46:43 INF] Serilog.AspNetCore.RequestLoggingMiddleware: HTTP GET /api/v1/workout-schedules/workout/0d33d31a-761f-475c-a928-70b0c5b325d6 responded 200 in 196.2728ms
[2026-06-07 22:46:43 INF] Microsoft.AspNetCore.Hosting.Diagnostics: Request finished HTTP/1.1 GET http://localhost:5008/api/v1/workout-schedules/workout/0d33d31a-761f-475c-a928-70b0c5b325d6 - 200 null application/json; charset=utf-8 197.1273ms
[2026-06-07 22:46:43 INF] Microsoft.AspNetCore.Mvc.Infrastructure.ObjectResultExecutor: Executing OkObjectResult, writing value of type 'WorkoutAPI.Common.ApiResponse`1[[Workout.Application.Common.Dto.WorkoutPlanDto, Workout.Application, Version=1.0.0.0, Culture=neutral, PublicKeyToken=null]]'.
[2026-06-07 22:46:43 INF] Microsoft.AspNetCore.Mvc.Infrastructure.ControllerActionInvoker: Executed action WorkoutAPI.Controllers.WorkoutPlanController.Get (WorkoutApi) in 73.2017ms
[2026-06-07 22:46:43 INF] Microsoft.AspNetCore.Routing.EndpointMiddleware: Executed endpoint 'WorkoutAPI.Controllers.WorkoutPlanController.Get (WorkoutApi)'
[2026-06-07 22:46:43 INF] Serilog.AspNetCore.RequestLoggingMiddleware: HTTP GET /api/v1/workouts/0d33d31a-761f-475c-a928-70b0c5b325d6 responded 200 in 208.5379ms
[2026-06-07 22:46:43 INF] Microsoft.AspNetCore.Hosting.Diagnostics: Request finished HTTP/1.1 GET http://localhost:5008/api/v1/workouts/0d33d31a-761f-475c-a928-70b0c5b325d6 - 200 null application/json; charset=utf-8 209.3999ms
[2026-06-07 22:46:43 INF] Microsoft.AspNetCore.Mvc.Infrastructure.ObjectResultExecutor: Executing OkObjectResult, writing value of type 'WorkoutAPI.Common.ApiResponse`1[[System.Collections.Generic.IEnumerable`1[[Workout.Application.Common.Dto.WorkoutCommentsDto, Workout.Application, Version=1.0.0.0, Culture=neutral, PublicKeyToken=null]], System.Private.CoreLib, Version=8.0.0.0, Culture=neutral, PublicKeyToken=7cec85d7bea7798e]]'.
[2026-06-07 22:46:43 INF] Microsoft.AspNetCore.Mvc.Infrastructure.ObjectResultExecutor: Executing OkObjectResult, writing value of type 'WorkoutAPI.Common.ApiResponse`1[[System.Collections.Generic.IEnumerable`1[[Workout.Application.Common.Dto.WorkoutExerciseDto, Workout.Application, Version=1.0.0.0, Culture=neutral, PublicKeyToken=null]], System.Private.CoreLib, Version=8.0.0.0, Culture=neutral, PublicKeyToken=7cec85d7bea7798e]]'.
[2026-06-07 22:46:43 INF] Microsoft.AspNetCore.Mvc.Infrastructure.ControllerActionInvoker: Executed action WorkoutAPI.Controllers.WorkoutCommentsController.Get (WorkoutApi) in 208.3603ms
[2026-06-07 22:46:43 INF] Microsoft.AspNetCore.Routing.EndpointMiddleware: Executed endpoint 'WorkoutAPI.Controllers.WorkoutCommentsController.Get (WorkoutApi)'
[2026-06-07 22:46:43 INF] Serilog.AspNetCore.RequestLoggingMiddleware: HTTP GET /api/v1/workout-comments/0d33d31a-761f-475c-a928-70b0c5b325d6 responded 200 in 325.7857ms
[2026-06-07 22:46:43 INF] Microsoft.AspNetCore.Hosting.Diagnostics: Request finished HTTP/1.1 GET http://localhost:5008/api/v1/workout-comments/0d33d31a-761f-475c-a928-70b0c5b325d6 - 200 null application/json; charset=utf-8 327.0638ms
[2026-06-07 22:46:43 INF] Microsoft.AspNetCore.Mvc.Infrastructure.ControllerActionInvoker: Executed action WorkoutAPI.Controllers.WorkoutExerciseController.Get (WorkoutApi) in 206.5784ms
[2026-06-07 22:46:43 INF] Microsoft.AspNetCore.Routing.EndpointMiddleware: Executed endpoint 'WorkoutAPI.Controllers.WorkoutExerciseController.Get (WorkoutApi)'
[2026-06-07 22:46:43 INF] Serilog.AspNetCore.RequestLoggingMiddleware: HTTP GET /api/v1/workout-exercises/0d33d31a-761f-475c-a928-70b0c5b325d6 responded 200 in 343.3879ms
[2026-06-07 22:46:43 INF] Microsoft.AspNetCore.Hosting.Diagnostics: Request finished HTTP/1.1 GET http://localhost:5008/api/v1/workout-exercises/0d33d31a-761f-475c-a928-70b0c5b325d6 - 200 null application/json; charset=utf-8 344.5072ms
