[2026-06-06 21:33:42 INF] : Starting web application
[2026-06-06 21:33:59 INF] Microsoft.AspNetCore.DataProtection.KeyManagement.XmlKeyManager: User profile is available. Using 'C:\Users\HP\AppData\Local\ASP.NET\DataProtection-Keys' as key repository and Windows DPAPI to encrypt keys at rest.
[2026-06-06 21:34:02 INF] Microsoft.Hosting.Lifetime: Now listening on: http://localhost:5008
[2026-06-06 21:34:02 INF] Microsoft.Hosting.Lifetime: Application started. Press Ctrl+C to shut down.
[2026-06-06 21:34:02 INF] Microsoft.Hosting.Lifetime: Hosting environment: Development
[2026-06-06 21:34:02 INF] Microsoft.Hosting.Lifetime: Content root path: C:\Users\HP\Documents\GitHub\WorkoutTrackerBE\WorkoutAPI
[2026-06-06 21:34:04 INF] Microsoft.AspNetCore.Hosting.Diagnostics: Request starting HTTP/1.1 GET http://localhost:5008/swagger - null null
[2026-06-06 21:34:04 INF] Microsoft.AspNetCore.Hosting.Diagnostics: Request finished HTTP/1.1 GET http://localhost:5008/swagger - 301 0 null 172.9605ms
[2026-06-06 21:34:04 INF] Microsoft.AspNetCore.Hosting.Diagnostics: Request starting HTTP/1.1 GET http://localhost:5008/swagger/index.html - null null
[2026-06-06 21:34:05 INF] Microsoft.AspNetCore.Hosting.Diagnostics: Request finished HTTP/1.1 GET http://localhost:5008/swagger/index.html - 200 null text/html;charset=utf-8 309.3596ms
[2026-06-06 21:34:05 INF] Microsoft.AspNetCore.Hosting.Diagnostics: Request starting HTTP/1.1 GET http://localhost:5008/_framework/aspnetcore-browser-refresh.js - null null
[2026-06-06 21:34:05 INF] Microsoft.AspNetCore.Hosting.Diagnostics: Request starting HTTP/1.1 GET http://localhost:5008/swagger/swagger-ui-standalone-preset.js - null null
[2026-06-06 21:34:05 INF] Microsoft.AspNetCore.Hosting.Diagnostics: Request starting HTTP/1.1 GET http://localhost:5008/swagger/swagger-ui.css - null null
[2026-06-06 21:34:05 INF] Microsoft.AspNetCore.Hosting.Diagnostics: Request finished HTTP/1.1 GET http://localhost:5008/_framework/aspnetcore-browser-refresh.js - 200 16481 application/javascript; charset=utf-8 3.7806ms
[2026-06-06 21:34:05 INF] Microsoft.AspNetCore.Hosting.Diagnostics: Request starting HTTP/1.1 GET http://localhost:5008/swagger/swagger-ui-bundle.js - null null
[2026-06-06 21:34:05 INF] Microsoft.AspNetCore.StaticFiles.StaticFileMiddleware: Sending file. Request path: '/swagger-ui.css'. Physical path: 'N/A'
[2026-06-06 21:34:05 INF] Microsoft.AspNetCore.StaticFiles.StaticFileMiddleware: Sending file. Request path: '/swagger-ui-standalone-preset.js'. Physical path: 'N/A'
[2026-06-06 21:34:05 INF] Microsoft.AspNetCore.Hosting.Diagnostics: Request finished HTTP/1.1 GET http://localhost:5008/swagger/swagger-ui.css - 200 143943 text/css 249.5541ms
[2026-06-06 21:34:05 INF] Microsoft.AspNetCore.Hosting.Diagnostics: Request finished HTTP/1.1 GET http://localhost:5008/swagger/swagger-ui-standalone-preset.js - 200 339486 text/javascript 253.9846ms
[2026-06-06 21:34:05 INF] Microsoft.AspNetCore.StaticFiles.StaticFileMiddleware: Sending file. Request path: '/swagger-ui-bundle.js'. Physical path: 'N/A'
[2026-06-06 21:34:05 INF] Microsoft.AspNetCore.Hosting.Diagnostics: Request finished HTTP/1.1 GET http://localhost:5008/swagger/swagger-ui-bundle.js - 200 1096145 text/javascript 259.0781ms
[2026-06-06 21:34:05 INF] Microsoft.AspNetCore.Hosting.Diagnostics: Request starting HTTP/1.1 GET http://localhost:5008/swagger/v1/swagger.json - null null
[2026-06-06 21:34:05 INF] Microsoft.AspNetCore.Hosting.Diagnostics: Request starting HTTP/1.1 GET http://localhost:5008/swagger/favicon-32x32.png - null null
[2026-06-06 21:34:05 INF] Microsoft.AspNetCore.StaticFiles.StaticFileMiddleware: Sending file. Request path: '/favicon-32x32.png'. Physical path: 'N/A'
[2026-06-06 21:34:05 INF] Microsoft.AspNetCore.Hosting.Diagnostics: Request finished HTTP/1.1 GET http://localhost:5008/swagger/favicon-32x32.png - 200 628 image/png 1.3076ms
[2026-06-06 21:34:06 INF] Microsoft.AspNetCore.Hosting.Diagnostics: Request finished HTTP/1.1 GET http://localhost:5008/swagger/v1/swagger.json - 200 null application/json;charset=utf-8 667.8585ms
[2026-06-06 21:34:52 INF] Microsoft.AspNetCore.Hosting.Diagnostics: Request starting HTTP/1.1 OPTIONS http://localhost:5008/api/v1/auth/login - null null
[2026-06-06 21:34:52 WRN] Microsoft.AspNetCore.HttpsPolicy.HttpsRedirectionMiddleware: Failed to determine the https port for redirect.
[2026-06-06 21:34:52 INF] Microsoft.AspNetCore.Cors.Infrastructure.CorsService: CORS policy execution successful.
[2026-06-06 21:34:52 INF] Serilog.AspNetCore.RequestLoggingMiddleware: HTTP OPTIONS /api/v1/auth/login responded 204 in 9.2250ms
[2026-06-06 21:34:52 INF] Microsoft.AspNetCore.Hosting.Diagnostics: Request finished HTTP/1.1 OPTIONS http://localhost:5008/api/v1/auth/login - 204 null null 69.5667ms
[2026-06-06 21:34:52 INF] Microsoft.AspNetCore.Hosting.Diagnostics: Request starting HTTP/1.1 POST http://localhost:5008/api/v1/auth/login - application/json 58
[2026-06-06 21:34:52 INF] Microsoft.AspNetCore.Cors.Infrastructure.CorsService: CORS policy execution successful.
[2026-06-06 21:34:52 INF] Microsoft.AspNetCore.Routing.EndpointMiddleware: Executing endpoint 'WorkoutAPI.Controllers.AuthController.Login (WorkoutApi)'
[2026-06-06 21:34:52 INF] Microsoft.AspNetCore.Mvc.Infrastructure.ControllerActionInvoker: Route matched with {action = "Login", controller = "Auth"}. Executing controller action with signature System.Threading.Tasks.Task`1[Microsoft.AspNetCore.Mvc.ActionResult`1[WorkoutAPI.Common.ApiResponse`1[Workout.Application.Common.Dto.LoginResponseDto]]] Login(Workout.Application.Common.Dto.LoginRequestDto) on controller WorkoutAPI.Controllers.AuthController (WorkoutApi).
[2026-06-06 21:34:53 INF] Microsoft.AspNetCore.Mvc.Infrastructure.ObjectResultExecutor: Executing OkObjectResult, writing value of type 'WorkoutAPI.Common.ApiResponse`1[[Workout.Application.Common.Dto.LoginResponseDto, Workout.Application, Version=1.0.0.0, Culture=neutral, PublicKeyToken=null]]'.
[2026-06-06 21:34:54 INF] Microsoft.AspNetCore.Mvc.Infrastructure.ControllerActionInvoker: Executed action WorkoutAPI.Controllers.AuthController.Login (WorkoutApi) in 1146.4144ms
[2026-06-06 21:34:54 INF] Microsoft.AspNetCore.Routing.EndpointMiddleware: Executed endpoint 'WorkoutAPI.Controllers.AuthController.Login (WorkoutApi)'
[2026-06-06 21:34:54 INF] Serilog.AspNetCore.RequestLoggingMiddleware: HTTP POST /api/v1/auth/login responded 200 in 1297.7932ms
[2026-06-06 21:34:54 INF] Microsoft.AspNetCore.Hosting.Diagnostics: Request finished HTTP/1.1 POST http://localhost:5008/api/v1/auth/login - 200 null application/json; charset=utf-8 1328.4257ms
[2026-06-06 21:34:54 INF] Microsoft.AspNetCore.Hosting.Diagnostics: Request starting HTTP/1.1 OPTIONS http://localhost:5008/api/v1/workout-schedules - null null
[2026-06-06 21:34:54 INF] Microsoft.AspNetCore.Hosting.Diagnostics: Request starting HTTP/1.1 OPTIONS http://localhost:5008/api/v1/reports - null null
[2026-06-06 21:34:54 INF] Microsoft.AspNetCore.Cors.Infrastructure.CorsService: CORS policy execution successful.
[2026-06-06 21:34:54 INF] Microsoft.AspNetCore.Cors.Infrastructure.CorsService: CORS policy execution successful.
[2026-06-06 21:34:54 INF] Serilog.AspNetCore.RequestLoggingMiddleware: HTTP OPTIONS /api/v1/workout-schedules responded 204 in 2.9060ms
[2026-06-06 21:34:54 INF] Microsoft.AspNetCore.Hosting.Diagnostics: Request finished HTTP/1.1 OPTIONS http://localhost:5008/api/v1/workout-schedules - 204 null null 4.961ms
[2026-06-06 21:34:54 INF] Serilog.AspNetCore.RequestLoggingMiddleware: HTTP OPTIONS /api/v1/reports responded 204 in 1.1168ms
[2026-06-06 21:34:54 INF] Microsoft.AspNetCore.Hosting.Diagnostics: Request finished HTTP/1.1 OPTIONS http://localhost:5008/api/v1/reports - 204 null null 6.4623ms
[2026-06-06 21:34:54 INF] Microsoft.AspNetCore.Hosting.Diagnostics: Request starting HTTP/1.1 OPTIONS http://localhost:5008/api/v1/workouts - null null
[2026-06-06 21:34:54 INF] Microsoft.AspNetCore.Hosting.Diagnostics: Request starting HTTP/1.1 GET http://localhost:5008/api/v1/workout-schedules - null null
[2026-06-06 21:34:54 INF] Microsoft.AspNetCore.Cors.Infrastructure.CorsService: CORS policy execution successful.
[2026-06-06 21:34:54 INF] Serilog.AspNetCore.RequestLoggingMiddleware: HTTP OPTIONS /api/v1/workouts responded 204 in 0.2703ms
[2026-06-06 21:34:54 INF] Microsoft.AspNetCore.Hosting.Diagnostics: Request finished HTTP/1.1 OPTIONS http://localhost:5008/api/v1/workouts - 204 null null 2.1738ms
[2026-06-06 21:34:54 INF] Microsoft.AspNetCore.Cors.Infrastructure.CorsService: CORS policy execution successful.
[2026-06-06 21:34:54 INF] Microsoft.AspNetCore.Hosting.Diagnostics: Request starting HTTP/1.1 OPTIONS http://localhost:5008/api/v1/exercises - null null
[2026-06-06 21:34:54 INF] Microsoft.AspNetCore.Cors.Infrastructure.CorsService: CORS policy execution successful.
[2026-06-06 21:34:54 INF] Microsoft.AspNetCore.Hosting.Diagnostics: Request starting HTTP/1.1 GET http://localhost:5008/api/v1/reports - null null
[2026-06-06 21:34:54 INF] Microsoft.AspNetCore.Cors.Infrastructure.CorsService: CORS policy execution successful.
[2026-06-06 21:34:54 INF] Serilog.AspNetCore.RequestLoggingMiddleware: HTTP OPTIONS /api/v1/exercises responded 204 in 0.2271ms
[2026-06-06 21:34:54 INF] Microsoft.AspNetCore.Hosting.Diagnostics: Request finished HTTP/1.1 OPTIONS http://localhost:5008/api/v1/exercises - 204 null null 1.7955ms
[2026-06-06 21:34:54 INF] Microsoft.AspNetCore.Hosting.Diagnostics: Request starting HTTP/1.1 GET http://localhost:5008/api/v1/exercises - null null
[2026-06-06 21:34:54 INF] Microsoft.AspNetCore.Cors.Infrastructure.CorsService: CORS policy execution successful.
[2026-06-06 21:34:54 INF] Microsoft.AspNetCore.Hosting.Diagnostics: Request starting HTTP/1.1 GET http://localhost:5008/api/v1/workouts - null null
[2026-06-06 21:34:54 INF] Microsoft.AspNetCore.Cors.Infrastructure.CorsService: CORS policy execution successful.
[2026-06-06 21:34:54 INF] Microsoft.AspNetCore.Routing.EndpointMiddleware: Executing endpoint 'WorkoutAPI.Controllers.ScheduleController.Get (WorkoutApi)'
[2026-06-06 21:34:54 INF] Microsoft.AspNetCore.Routing.EndpointMiddleware: Executing endpoint 'WorkoutAPI.Controllers.WorkoutPlanController.Get (WorkoutApi)'
[2026-06-06 21:34:54 INF] Microsoft.AspNetCore.Routing.EndpointMiddleware: Executing endpoint 'WorkoutAPI.Controllers.ReportController.Get (WorkoutApi)'
[2026-06-06 21:34:54 INF] Microsoft.AspNetCore.Routing.EndpointMiddleware: Executing endpoint 'WorkoutAPI.Controllers.ExerciseController.Get (WorkoutApi)'
[2026-06-06 21:34:54 INF] Microsoft.AspNetCore.Mvc.Infrastructure.ControllerActionInvoker: Route matched with {action = "Get", controller = "Report"}. Executing controller action with signature System.Threading.Tasks.Task`1[Microsoft.AspNetCore.Mvc.ActionResult`1[WorkoutAPI.Common.ApiResponse`1[Workout.Application.Common.Dto.WorkoutReportDto]]] Get() on controller WorkoutAPI.Controllers.ReportController (WorkoutApi).
[2026-06-06 21:34:54 INF] Microsoft.AspNetCore.Mvc.Infrastructure.ControllerActionInvoker: Route matched with {action = "Get", controller = "Exercise"}. Executing controller action with signature System.Threading.Tasks.Task`1[Microsoft.AspNetCore.Mvc.ActionResult`1[WorkoutAPI.Common.ApiResponse`1[System.Collections.Generic.IEnumerable`1[Workout.Domain.Entities.Exercise]]]] Get() on controller WorkoutAPI.Controllers.ExerciseController (WorkoutApi).
[2026-06-06 21:34:54 INF] Microsoft.AspNetCore.Mvc.Infrastructure.ControllerActionInvoker: Route matched with {action = "Get", controller = "Schedule"}. Executing controller action with signature System.Threading.Tasks.Task`1[Microsoft.AspNetCore.Mvc.ActionResult`1[WorkoutAPI.Common.ApiResponse`1[System.Collections.Generic.IEnumerable`1[Workout.Application.Common.Dto.ScheduleWorkoutDto]]]] Get() on controller WorkoutAPI.Controllers.ScheduleController (WorkoutApi).
[2026-06-06 21:34:54 INF] Microsoft.AspNetCore.Mvc.Infrastructure.ControllerActionInvoker: Route matched with {action = "Get", controller = "WorkoutPlan"}. Executing controller action with signature System.Threading.Tasks.Task`1[Microsoft.AspNetCore.Mvc.ActionResult`1[WorkoutAPI.Common.ApiResponse`1[System.Collections.Generic.IEnumerable`1[Workout.Application.Common.Dto.WorkoutPlanResponseDto]]]] Get() on controller WorkoutAPI.Controllers.WorkoutPlanController (WorkoutApi).
[2026-06-06 21:34:54 INF] Microsoft.AspNetCore.Mvc.Infrastructure.ObjectResultExecutor: Executing OkObjectResult, writing value of type 'WorkoutAPI.Common.ApiResponse`1[[System.Collections.Generic.IEnumerable`1[[Workout.Domain.Entities.Exercise, Workout.Domain, Version=1.0.0.0, Culture=neutral, PublicKeyToken=null]], System.Private.CoreLib, Version=8.0.0.0, Culture=neutral, PublicKeyToken=7cec85d7bea7798e]]'.
[2026-06-06 21:34:54 INF] Microsoft.AspNetCore.Mvc.Infrastructure.ControllerActionInvoker: Executed action WorkoutAPI.Controllers.ExerciseController.Get (WorkoutApi) in 321.3289ms
[2026-06-06 21:34:54 INF] Microsoft.AspNetCore.Routing.EndpointMiddleware: Executed endpoint 'WorkoutAPI.Controllers.ExerciseController.Get (WorkoutApi)'
[2026-06-06 21:34:54 INF] Serilog.AspNetCore.RequestLoggingMiddleware: HTTP GET /api/v1/exercises responded 200 in 720.9272ms
[2026-06-06 21:34:54 INF] Microsoft.AspNetCore.Hosting.Diagnostics: Request finished HTTP/1.1 GET http://localhost:5008/api/v1/exercises - 200 null application/json; charset=utf-8 724.9953ms
[2026-06-06 21:34:54 INF] Microsoft.AspNetCore.Mvc.Infrastructure.ObjectResultExecutor: Executing OkObjectResult, writing value of type 'WorkoutAPI.Common.ApiResponse`1[[System.Collections.Generic.IEnumerable`1[[Workout.Application.Common.Dto.WorkoutPlanResponseDto, Workout.Application, Version=1.0.0.0, Culture=neutral, PublicKeyToken=null]], System.Private.CoreLib, Version=8.0.0.0, Culture=neutral, PublicKeyToken=7cec85d7bea7798e]]'.
[2026-06-06 21:34:54 INF] Microsoft.AspNetCore.Mvc.Infrastructure.ControllerActionInvoker: Executed action WorkoutAPI.Controllers.WorkoutPlanController.Get (WorkoutApi) in 408.9594ms
[2026-06-06 21:34:54 INF] Microsoft.AspNetCore.Routing.EndpointMiddleware: Executed endpoint 'WorkoutAPI.Controllers.WorkoutPlanController.Get (WorkoutApi)'
[2026-06-06 21:34:54 INF] Microsoft.AspNetCore.Mvc.Infrastructure.ObjectResultExecutor: Executing OkObjectResult, writing value of type 'WorkoutAPI.Common.ApiResponse`1[[System.Collections.Generic.IEnumerable`1[[Workout.Application.Common.Dto.ScheduleWorkoutDto, Workout.Application, Version=1.0.0.0, Culture=neutral, PublicKeyToken=null]], System.Private.CoreLib, Version=8.0.0.0, Culture=neutral, PublicKeyToken=7cec85d7bea7798e]]'.
[2026-06-06 21:34:54 INF] Serilog.AspNetCore.RequestLoggingMiddleware: HTTP GET /api/v1/workouts responded 200 in 812.4716ms
[2026-06-06 21:34:54 INF] Microsoft.AspNetCore.Hosting.Diagnostics: Request finished HTTP/1.1 GET http://localhost:5008/api/v1/workouts - 200 null application/json; charset=utf-8 816.8651ms
[2026-06-06 21:34:54 INF] Microsoft.AspNetCore.Mvc.Infrastructure.ControllerActionInvoker: Executed action WorkoutAPI.Controllers.ScheduleController.Get (WorkoutApi) in 427.5603ms
[2026-06-06 21:34:54 INF] Microsoft.AspNetCore.Routing.EndpointMiddleware: Executed endpoint 'WorkoutAPI.Controllers.ScheduleController.Get (WorkoutApi)'
[2026-06-06 21:34:54 INF] Serilog.AspNetCore.RequestLoggingMiddleware: HTTP GET /api/v1/workout-schedules responded 200 in 837.1114ms
[2026-06-06 21:34:54 INF] Microsoft.AspNetCore.Hosting.Diagnostics: Request finished HTTP/1.1 GET http://localhost:5008/api/v1/workout-schedules - 200 null application/json; charset=utf-8 839.8426ms
[2026-06-06 21:34:55 INF] Microsoft.AspNetCore.Mvc.Infrastructure.ObjectResultExecutor: Executing OkObjectResult, writing value of type 'WorkoutAPI.Common.ApiResponse`1[[Workout.Application.Common.Dto.WorkoutReportDto, Workout.Application, Version=1.0.0.0, Culture=neutral, PublicKeyToken=null]]'.
[2026-06-06 21:34:55 INF] Microsoft.AspNetCore.Mvc.Infrastructure.ControllerActionInvoker: Executed action WorkoutAPI.Controllers.ReportController.Get (WorkoutApi) in 582.9361ms
[2026-06-06 21:34:55 INF] Microsoft.AspNetCore.Routing.EndpointMiddleware: Executed endpoint 'WorkoutAPI.Controllers.ReportController.Get (WorkoutApi)'
[2026-06-06 21:34:55 INF] Serilog.AspNetCore.RequestLoggingMiddleware: HTTP GET /api/v1/reports responded 200 in 978.9025ms
[2026-06-06 21:34:55 INF] Microsoft.AspNetCore.Hosting.Diagnostics: Request finished HTTP/1.1 GET http://localhost:5008/api/v1/reports - 200 null application/json; charset=utf-8 979.5278ms
